{"C:\\Users\\User\\Documents\\TechUp\\FullStack Bootcamp\\personal-project\\music-event-blog-server\\app.mjs": {"path":"C:\\Users\\User\\Documents\\TechUp\\FullStack Bootcamp\\personal-project\\music-event-blog-server\\app.mjs","statementMap":{"0":{"start":{"line":9,"column":12},"end":{"line":9,"column":20}},"1":{"start":{"line":10,"column":13},"end":{"line":10,"column":null}},"2":{"start":{"line":11,"column":23},"end":{"line":18,"column":null}},"3":{"start":{"line":20,"column":0},"end":{"line":31,"column":null}},"4":{"start":{"line":23,"column":6},"end":{"line":26,"column":null}},"5":{"start":{"line":24,"column":8},"end":{"line":24,"column":null}},"6":{"start":{"line":25,"column":8},"end":{"line":25,"column":null}},"7":{"start":{"line":28,"column":6},"end":{"line":28,"column":null}},"8":{"start":{"line":33,"column":0},"end":{"line":33,"column":null}},"9":{"start":{"line":35,"column":0},"end":{"line":35,"column":null}},"10":{"start":{"line":36,"column":0},"end":{"line":36,"column":null}},"11":{"start":{"line":37,"column":0},"end":{"line":37,"column":null}},"12":{"start":{"line":38,"column":0},"end":{"line":38,"column":null}},"13":{"start":{"line":40,"column":0},"end":{"line":42,"column":null}},"14":{"start":{"line":41,"column":2},"end":{"line":41,"column":null}},"15":{"start":{"line":44,"column":0},"end":{"line":62,"column":null}},"16":{"start":{"line":45,"column":2},"end":{"line":61,"column":null}},"17":{"start":{"line":46,"column":40},"end":{"line":46,"column":null}},"18":{"start":{"line":47,"column":19},"end":{"line":49,"column":null}},"19":{"start":{"line":51,"column":4},"end":{"line":54,"column":null}},"20":{"start":{"line":56,"column":4},"end":{"line":56,"column":null}},"21":{"start":{"line":57,"column":4},"end":{"line":60,"column":null}},"22":{"start":{"line":64,"column":0},"end":{"line":66,"column":null}},"23":{"start":{"line":65,"column":2},"end":{"line":65,"column":null}},"24":{"start":{"line":68,"column":0},"end":{"line":74,"column":null}},"25":{"start":{"line":69,"column":2},"end":{"line":71,"column":null}},"26":{"start":{"line":70,"column":4},"end":{"line":70,"column":null}},"27":{"start":{"line":73,"column":2},"end":{"line":73,"column":null}},"28":{"start":{"line":76,"column":0},"end":{"line":80,"column":null}},"29":{"start":{"line":77,"column":2},"end":{"line":79,"column":null}},"30":{"start":{"line":78,"column":4},"end":{"line":78,"column":null}}},"fnMap":{"0":{"name":"origin","decl":{"start":{"line":22,"column":4},"end":{"line":22,"column":11}},"loc":{"start":{"line":22,"column":29},"end":{"line":29,"column":null}},"line":22},"1":{"name":"(anonymous_1)","decl":{"start":{"line":40,"column":8},"end":{"line":40,"column":20}},"loc":{"start":{"line":40,"column":34},"end":{"line":42,"column":1}},"line":40},"2":{"name":"(anonymous_2)","decl":{"start":{"line":44,"column":22},"end":{"line":44,"column":29}},"loc":{"start":{"line":44,"column":43},"end":{"line":62,"column":1}},"line":44},"3":{"name":"(anonymous_3)","decl":{"start":{"line":64,"column":4},"end":{"line":64,"column":9}},"loc":{"start":{"line":64,"column":23},"end":{"line":66,"column":1}},"line":64},"4":{"name":"(anonymous_4)","decl":{"start":{"line":68,"column":4},"end":{"line":68,"column":9}},"loc":{"start":{"line":68,"column":37},"end":{"line":74,"column":1}},"line":68},"5":{"name":"(anonymous_5)","decl":{"start":{"line":77,"column":13},"end":{"line":77,"column":25}},"loc":{"start":{"line":77,"column":25},"end":{"line":79,"column":3}},"line":77}},"branchMap":{"0":{"loc":{"start":{"line":10,"column":13},"end":{"line":10,"column":null}},"type":"binary-expr","locations":[{"start":{"line":10,"column":13},"end":{"line":10,"column":33}},{"start":{"line":10,"column":33},"end":{"line":10,"column":null}}],"line":10},"1":{"loc":{"start":{"line":23,"column":6},"end":{"line":26,"column":null}},"type":"if","locations":[{"start":{"line":23,"column":6},"end":{"line":26,"column":null}},{"start":{},"end":{}}],"line":23},"2":{"loc":{"start":{"line":23,"column":10},"end":{"line":23,"column":49}},"type":"binary-expr","locations":[{"start":{"line":23,"column":10},"end":{"line":23,"column":21}},{"start":{"line":23,"column":21},"end":{"line":23,"column":49}}],"line":23},"3":{"loc":{"start":{"line":69,"column":2},"end":{"line":71,"column":null}},"type":"if","locations":[{"start":{"line":69,"column":2},"end":{"line":71,"column":null}},{"start":{},"end":{}}],"line":69},"4":{"loc":{"start":{"line":76,"column":0},"end":{"line":80,"column":null}},"type":"if","locations":[{"start":{"line":76,"column":0},"end":{"line":80,"column":null}},{"start":{},"end":{}}],"line":76},"5":{"loc":{"start":{"line":76,"column":4},"end":{"line":76,"column":60}},"type":"binary-expr","locations":[{"start":{"line":76,"column":4},"end":{"line":76,"column":52}},{"start":{"line":76,"column":17},"end":{"line":76,"column":60}}],"line":76}},"s":{"0":2,"1":2,"2":2,"3":2,"4":14,"5":13,"6":13,"7":1,"8":2,"9":2,"10":2,"11":2,"12":2,"13":2,"14":1,"15":2,"16":0,"17":0,"18":0,"19":0,"20":0,"21":0,"22":2,"23":1,"24":2,"25":1,"26":1,"27":0,"28":2,"29":0,"30":0},"f":{"0":14,"1":1,"2":0,"3":1,"4":1,"5":0},"b":{"0":[2,2],"1":[13,1],"2":[14,1],"3":[1,0],"4":[0,2],"5":[2,2]},"meta":{"lastBranch":6,"lastFunction":6,"lastStatement":31,"seen":{"s:9:12:9:20":0,"s:10:13:10:Infinity":1,"b:10:13:10:33:10:33:10:Infinity":0,"s:11:23:18:Infinity":2,"s:20:0:31:Infinity":3,"f:22:4:22:11":0,"b:23:6:26:Infinity:undefined:undefined:undefined:undefined":1,"s:23:6:26:Infinity":4,"b:23:10:23:21:23:21:23:49":2,"s:24:8:24:Infinity":5,"s:25:8:25:Infinity":6,"s:28:6:28:Infinity":7,"s:33:0:33:Infinity":8,"s:35:0:35:Infinity":9,"s:36:0:36:Infinity":10,"s:37:0:37:Infinity":11,"s:38:0:38:Infinity":12,"s:40:0:42:Infinity":13,"f:40:8:40:20":1,"s:41:2:41:Infinity":14,"s:44:0:62:Infinity":15,"f:44:22:44:29":2,"s:45:2:61:Infinity":16,"s:46:40:46:Infinity":17,"s:47:19:49:Infinity":18,"s:51:4:54:Infinity":19,"s:56:4:56:Infinity":20,"s:57:4:60:Infinity":21,"s:64:0:66:Infinity":22,"f:64:4:64:9":3,"s:65:2:65:Infinity":23,"s:68:0:74:Infinity":24,"f:68:4:68:9":4,"b:69:2:71:Infinity:undefined:undefined:undefined:undefined":3,"s:69:2:71:Infinity":25,"s:70:4:70:Infinity":26,"s:73:2:73:Infinity":27,"b:76:0:80:Infinity:undefined:undefined:undefined:undefined":4,"s:76:0:80:Infinity":28,"b:76:4:76:52:76:17:76:60":5,"s:77:2:79:Infinity":29,"f:77:13:77:25":5,"s:78:4:78:Infinity":30},"fnNames":{}}}
,"C:\\Users\\User\\Documents\\TechUp\\FullStack Bootcamp\\personal-project\\music-event-blog-server\\controllers\\avatarController.mjs": {"path":"C:\\Users\\User\\Documents\\TechUp\\FullStack Bootcamp\\personal-project\\music-event-blog-server\\controllers\\avatarController.mjs","statementMap":{"0":{"start":{"line":5,"column":26},"end":{"line":5,"column":69}},"1":{"start":{"line":6,"column":2},"end":{"line":6,"column":44}},"2":{"start":{"line":10,"column":2},"end":{"line":19,"column":3}},"3":{"start":{"line":11,"column":19},"end":{"line":15,"column":5}},"4":{"start":{"line":16,"column":4},"end":{"line":16,"column":40}},"5":{"start":{"line":18,"column":4},"end":{"line":18,"column":74}},"6":{"start":{"line":23,"column":2},"end":{"line":31,"column":3}},"7":{"start":{"line":24,"column":4},"end":{"line":27,"column":6}},"8":{"start":{"line":28,"column":4},"end":{"line":28,"column":34}},"9":{"start":{"line":30,"column":4},"end":{"line":30,"column":74}}},"fnMap":{"0":{"name":"getAccessToken","decl":{"start":{"line":4,"column":9},"end":{"line":4,"column":23}},"loc":{"start":{"line":4,"column":29},"end":{"line":7,"column":1}},"line":4},"1":{"name":"uploadAvatar","decl":{"start":{"line":9,"column":22},"end":{"line":9,"column":34}},"loc":{"start":{"line":9,"column":45},"end":{"line":20,"column":1}},"line":9},"2":{"name":"deleteAvatar","decl":{"start":{"line":22,"column":22},"end":{"line":22,"column":34}},"loc":{"start":{"line":22,"column":45},"end":{"line":32,"column":1}},"line":22}},"branchMap":{"0":{"loc":{"start":{"line":5,"column":26},"end":{"line":5,"column":69}},"type":"binary-expr","locations":[{"start":{"line":5,"column":26},"end":{"line":5,"column":63}},{"start":{"line":5,"column":67},"end":{"line":5,"column":69}}],"line":5},"1":{"loc":{"start":{"line":6,"column":9},"end":{"line":6,"column":43}},"type":"cond-expr","locations":[{"start":{"line":6,"column":31},"end":{"line":6,"column":36}},{"start":{"line":6,"column":39},"end":{"line":6,"column":43}}],"line":6}},"s":{"0":0,"1":0,"2":0,"3":0,"4":0,"5":0,"6":0,"7":0,"8":0,"9":0},"f":{"0":0,"1":0,"2":0},"b":{"0":[0,0],"1":[0,0]},"meta":{"lastBranch":2,"lastFunction":3,"lastStatement":10,"seen":{"f:4:9:4:23":0,"s:5:26:5:69":0,"b:5:26:5:63:5:67:5:69":0,"s:6:2:6:44":1,"b:6:31:6:36:6:39:6:43":1,"f:9:22:9:34":1,"s:10:2:19:3":2,"s:11:19:15:5":3,"s:16:4:16:40":4,"s:18:4:18:74":5,"f:22:22:22:34":2,"s:23:2:31:3":6,"s:24:4:27:6":7,"s:28:4:28:34":8,"s:30:4:30:74":9},"fnNames":{}}}
,"C:\\Users\\User\\Documents\\TechUp\\FullStack Bootcamp\\personal-project\\music-event-blog-server\\controllers\\categoryController.mjs": {"path":"C:\\Users\\User\\Documents\\TechUp\\FullStack Bootcamp\\personal-project\\music-event-blog-server\\controllers\\categoryController.mjs","statementMap":{"0":{"start":{"line":5,"column":2},"end":{"line":10,"column":null}},"1":{"start":{"line":6,"column":19},"end":{"line":6,"column":57}},"2":{"start":{"line":7,"column":4},"end":{"line":7,"column":null}},"3":{"start":{"line":9,"column":4},"end":{"line":9,"column":null}},"4":{"start":{"line":14,"column":2},"end":{"line":19,"column":null}},"5":{"start":{"line":15,"column":19},"end":{"line":15,"column":70}},"6":{"start":{"line":16,"column":4},"end":{"line":16,"column":null}},"7":{"start":{"line":18,"column":4},"end":{"line":18,"column":null}},"8":{"start":{"line":23,"column":2},"end":{"line":31,"column":null}},"9":{"start":{"line":24,"column":19},"end":{"line":27,"column":5}},"10":{"start":{"line":28,"column":4},"end":{"line":28,"column":null}},"11":{"start":{"line":30,"column":4},"end":{"line":30,"column":null}},"12":{"start":{"line":35,"column":2},"end":{"line":40,"column":null}},"13":{"start":{"line":36,"column":4},"end":{"line":36,"column":null}},"14":{"start":{"line":37,"column":4},"end":{"line":37,"column":null}},"15":{"start":{"line":39,"column":4},"end":{"line":39,"column":null}}},"fnMap":{"0":{"name":"listCategories","decl":{"start":{"line":4,"column":22},"end":{"line":4,"column":36}},"loc":{"start":{"line":4,"column":48},"end":{"line":11,"column":null}},"line":4},"1":{"name":"createCategory","decl":{"start":{"line":13,"column":22},"end":{"line":13,"column":36}},"loc":{"start":{"line":13,"column":47},"end":{"line":20,"column":null}},"line":13},"2":{"name":"updateCategory","decl":{"start":{"line":22,"column":22},"end":{"line":22,"column":36}},"loc":{"start":{"line":22,"column":47},"end":{"line":32,"column":null}},"line":22},"3":{"name":"deleteCategory","decl":{"start":{"line":34,"column":22},"end":{"line":34,"column":36}},"loc":{"start":{"line":34,"column":47},"end":{"line":41,"column":null}},"line":34}},"branchMap":{},"s":{"0":0,"1":0,"2":0,"3":0,"4":0,"5":0,"6":0,"7":0,"8":0,"9":0,"10":0,"11":0,"12":0,"13":0,"14":0,"15":0},"f":{"0":0,"1":0,"2":0,"3":0},"b":{},"meta":{"lastBranch":0,"lastFunction":4,"lastStatement":16,"seen":{"f:4:22:4:36":0,"s:5:2:10:Infinity":0,"s:6:19:6:57":1,"s:7:4:7:Infinity":2,"s:9:4:9:Infinity":3,"f:13:22:13:36":1,"s:14:2:19:Infinity":4,"s:15:19:15:70":5,"s:16:4:16:Infinity":6,"s:18:4:18:Infinity":7,"f:22:22:22:36":2,"s:23:2:31:Infinity":8,"s:24:19:27:5":9,"s:28:4:28:Infinity":10,"s:30:4:30:Infinity":11,"f:34:22:34:36":3,"s:35:2:40:Infinity":12,"s:36:4:36:Infinity":13,"s:37:4:37:Infinity":14,"s:39:4:39:Infinity":15},"fnNames":{}}}
,"C:\\Users\\User\\Documents\\TechUp\\FullStack Bootcamp\\personal-project\\music-event-blog-server\\controllers\\notificationController.mjs": {"path":"C:\\Users\\User\\Documents\\TechUp\\FullStack Bootcamp\\personal-project\\music-event-blog-server\\controllers\\notificationController.mjs","statementMap":{"0":{"start":{"line":5,"column":2},"end":{"line":10,"column":null}},"1":{"start":{"line":6,"column":19},"end":{"line":6,"column":75}},"2":{"start":{"line":7,"column":4},"end":{"line":7,"column":null}},"3":{"start":{"line":9,"column":4},"end":{"line":9,"column":null}},"4":{"start":{"line":14,"column":2},"end":{"line":19,"column":null}},"5":{"start":{"line":15,"column":19},"end":{"line":15,"column":79}},"6":{"start":{"line":16,"column":4},"end":{"line":16,"column":null}},"7":{"start":{"line":18,"column":4},"end":{"line":18,"column":null}}},"fnMap":{"0":{"name":"listNotifications","decl":{"start":{"line":4,"column":22},"end":{"line":4,"column":39}},"loc":{"start":{"line":4,"column":50},"end":{"line":11,"column":null}},"line":4},"1":{"name":"markNotificationsRead","decl":{"start":{"line":13,"column":22},"end":{"line":13,"column":43}},"loc":{"start":{"line":13,"column":54},"end":{"line":20,"column":null}},"line":13}},"branchMap":{},"s":{"0":0,"1":0,"2":0,"3":0,"4":0,"5":0,"6":0,"7":0},"f":{"0":0,"1":0},"b":{},"meta":{"lastBranch":0,"lastFunction":2,"lastStatement":8,"seen":{"f:4:22:4:39":0,"s:5:2:10:Infinity":0,"s:6:19:6:75":1,"s:7:4:7:Infinity":2,"s:9:4:9:Infinity":3,"f:13:22:13:43":1,"s:14:2:19:Infinity":4,"s:15:19:15:79":5,"s:16:4:16:Infinity":6,"s:18:4:18:Infinity":7},"fnNames":{}}}
,"C:\\Users\\User\\Documents\\TechUp\\FullStack Bootcamp\\personal-project\\music-event-blog-server\\controllers\\postController.mjs": {"path":"C:\\Users\\User\\Documents\\TechUp\\FullStack Bootcamp\\personal-project\\music-event-blog-server\\controllers\\postController.mjs","statementMap":{"0":{"start":{"line":5,"column":2},"end":{"line":10,"column":null}},"1":{"start":{"line":6,"column":19},"end":{"line":6,"column":67}},"2":{"start":{"line":7,"column":4},"end":{"line":7,"column":null}},"3":{"start":{"line":9,"column":4},"end":{"line":9,"column":null}},"4":{"start":{"line":14,"column":2},"end":{"line":19,"column":null}},"5":{"start":{"line":15,"column":19},"end":{"line":15,"column":81}},"6":{"start":{"line":16,"column":4},"end":{"line":16,"column":null}},"7":{"start":{"line":18,"column":4},"end":{"line":18,"column":null}},"8":{"start":{"line":23,"column":2},"end":{"line":28,"column":null}},"9":{"start":{"line":24,"column":19},"end":{"line":24,"column":73}},"10":{"start":{"line":25,"column":4},"end":{"line":25,"column":null}},"11":{"start":{"line":27,"column":4},"end":{"line":27,"column":null}},"12":{"start":{"line":32,"column":2},"end":{"line":37,"column":null}},"13":{"start":{"line":33,"column":19},"end":{"line":33,"column":70}},"14":{"start":{"line":34,"column":4},"end":{"line":34,"column":null}},"15":{"start":{"line":36,"column":4},"end":{"line":36,"column":null}},"16":{"start":{"line":41,"column":2},"end":{"line":46,"column":null}},"17":{"start":{"line":42,"column":19},"end":{"line":42,"column":76}},"18":{"start":{"line":43,"column":4},"end":{"line":43,"column":null}},"19":{"start":{"line":45,"column":4},"end":{"line":45,"column":null}},"20":{"start":{"line":50,"column":2},"end":{"line":55,"column":null}},"21":{"start":{"line":51,"column":4},"end":{"line":51,"column":null}},"22":{"start":{"line":52,"column":4},"end":{"line":52,"column":null}},"23":{"start":{"line":54,"column":4},"end":{"line":54,"column":null}},"24":{"start":{"line":59,"column":2},"end":{"line":64,"column":null}},"25":{"start":{"line":60,"column":19},"end":{"line":60,"column":77}},"26":{"start":{"line":61,"column":4},"end":{"line":61,"column":null}},"27":{"start":{"line":63,"column":4},"end":{"line":63,"column":null}},"28":{"start":{"line":68,"column":2},"end":{"line":73,"column":null}},"29":{"start":{"line":69,"column":19},"end":{"line":69,"column":79}},"30":{"start":{"line":70,"column":4},"end":{"line":70,"column":null}},"31":{"start":{"line":72,"column":4},"end":{"line":72,"column":null}},"32":{"start":{"line":77,"column":2},"end":{"line":86,"column":null}},"33":{"start":{"line":78,"column":19},"end":{"line":82,"column":5}},"34":{"start":{"line":83,"column":4},"end":{"line":83,"column":null}},"35":{"start":{"line":85,"column":4},"end":{"line":85,"column":null}}},"fnMap":{"0":{"name":"listPosts","decl":{"start":{"line":4,"column":22},"end":{"line":4,"column":31}},"loc":{"start":{"line":4,"column":42},"end":{"line":11,"column":null}},"line":4},"1":{"name":"getPostComments","decl":{"start":{"line":13,"column":22},"end":{"line":13,"column":37}},"loc":{"start":{"line":13,"column":48},"end":{"line":20,"column":null}},"line":13},"2":{"name":"getPost","decl":{"start":{"line":22,"column":22},"end":{"line":22,"column":29}},"loc":{"start":{"line":22,"column":40},"end":{"line":29,"column":null}},"line":22},"3":{"name":"createPost","decl":{"start":{"line":31,"column":22},"end":{"line":31,"column":32}},"loc":{"start":{"line":31,"column":43},"end":{"line":38,"column":null}},"line":31},"4":{"name":"updatePost","decl":{"start":{"line":40,"column":22},"end":{"line":40,"column":32}},"loc":{"start":{"line":40,"column":43},"end":{"line":47,"column":null}},"line":40},"5":{"name":"deletePost","decl":{"start":{"line":49,"column":22},"end":{"line":49,"column":32}},"loc":{"start":{"line":49,"column":43},"end":{"line":56,"column":null}},"line":49},"6":{"name":"likePost","decl":{"start":{"line":58,"column":22},"end":{"line":58,"column":30}},"loc":{"start":{"line":58,"column":41},"end":{"line":65,"column":null}},"line":58},"7":{"name":"unlikePost","decl":{"start":{"line":67,"column":22},"end":{"line":67,"column":32}},"loc":{"start":{"line":67,"column":43},"end":{"line":74,"column":null}},"line":67},"8":{"name":"addComment","decl":{"start":{"line":76,"column":22},"end":{"line":76,"column":32}},"loc":{"start":{"line":76,"column":43},"end":{"line":87,"column":null}},"line":76}},"branchMap":{},"s":{"0":0,"1":0,"2":0,"3":0,"4":0,"5":0,"6":0,"7":0,"8":0,"9":0,"10":0,"11":0,"12":1,"13":1,"14":1,"15":0,"16":0,"17":0,"18":0,"19":0,"20":0,"21":0,"22":0,"23":0,"24":0,"25":0,"26":0,"27":0,"28":0,"29":0,"30":0,"31":0,"32":0,"33":0,"34":0,"35":0},"f":{"0":0,"1":0,"2":0,"3":1,"4":0,"5":0,"6":0,"7":0,"8":0},"b":{},"meta":{"lastBranch":0,"lastFunction":9,"lastStatement":36,"seen":{"f:4:22:4:31":0,"s:5:2:10:Infinity":0,"s:6:19:6:67":1,"s:7:4:7:Infinity":2,"s:9:4:9:Infinity":3,"f:13:22:13:37":1,"s:14:2:19:Infinity":4,"s:15:19:15:81":5,"s:16:4:16:Infinity":6,"s:18:4:18:Infinity":7,"f:22:22:22:29":2,"s:23:2:28:Infinity":8,"s:24:19:24:73":9,"s:25:4:25:Infinity":10,"s:27:4:27:Infinity":11,"f:31:22:31:32":3,"s:32:2:37:Infinity":12,"s:33:19:33:70":13,"s:34:4:34:Infinity":14,"s:36:4:36:Infinity":15,"f:40:22:40:32":4,"s:41:2:46:Infinity":16,"s:42:19:42:76":17,"s:43:4:43:Infinity":18,"s:45:4:45:Infinity":19,"f:49:22:49:32":5,"s:50:2:55:Infinity":20,"s:51:4:51:Infinity":21,"s:52:4:52:Infinity":22,"s:54:4:54:Infinity":23,"f:58:22:58:30":6,"s:59:2:64:Infinity":24,"s:60:19:60:77":25,"s:61:4:61:Infinity":26,"s:63:4:63:Infinity":27,"f:67:22:67:32":7,"s:68:2:73:Infinity":28,"s:69:19:69:79":29,"s:70:4:70:Infinity":30,"s:72:4:72:Infinity":31,"f:76:22:76:32":8,"s:77:2:86:Infinity":32,"s:78:19:82:5":33,"s:83:4:83:Infinity":34,"s:85:4:85:Infinity":35},"fnNames":{}}}
,"C:\\Users\\User\\Documents\\TechUp\\FullStack Bootcamp\\personal-project\\music-event-blog-server\\middlewares\\identifyAdmin.mjs": {"path":"C:\\Users\\User\\Documents\\TechUp\\FullStack Bootcamp\\personal-project\\music-event-blog-server\\middlewares\\identifyAdmin.mjs","statementMap":{"0":{"start":{"line":5,"column":26},"end":{"line":5,"column":69}},"1":{"start":{"line":7,"column":2},"end":{"line":9,"column":3}},"2":{"start":{"line":8,"column":4},"end":{"line":8,"column":18}},"3":{"start":{"line":11,"column":2},"end":{"line":26,"column":3}},"4":{"start":{"line":12,"column":28},"end":{"line":12,"column":62}},"5":{"start":{"line":14,"column":4},"end":{"line":16,"column":5}},"6":{"start":{"line":15,"column":6},"end":{"line":15,"column":20}},"7":{"start":{"line":18,"column":20},"end":{"line":18,"column":70}},"8":{"start":{"line":20,"column":4},"end":{"line":23,"column":6}},"9":{"start":{"line":28,"column":2},"end":{"line":28,"column":16}}},"fnMap":{"0":{"name":"identifyAdmin","decl":{"start":{"line":4,"column":30},"end":{"line":4,"column":43}},"loc":{"start":{"line":4,"column":61},"end":{"line":29,"column":1}},"line":4}},"branchMap":{"0":{"loc":{"start":{"line":5,"column":26},"end":{"line":5,"column":69}},"type":"binary-expr","locations":[{"start":{"line":5,"column":26},"end":{"line":5,"column":63}},{"start":{"line":5,"column":67},"end":{"line":5,"column":69}}],"line":5},"1":{"loc":{"start":{"line":7,"column":2},"end":{"line":9,"column":3}},"type":"if","locations":[{"start":{"line":7,"column":2},"end":{"line":9,"column":3}},{"start":{},"end":{}}],"line":7},"2":{"loc":{"start":{"line":7,"column":6},"end":{"line":7,"column":35}},"type":"binary-expr","locations":[{"start":{"line":7,"column":6},"end":{"line":7,"column":25}},{"start":{"line":7,"column":29},"end":{"line":7,"column":35}}],"line":7},"3":{"loc":{"start":{"line":14,"column":4},"end":{"line":16,"column":5}},"type":"if","locations":[{"start":{"line":14,"column":4},"end":{"line":16,"column":5}},{"start":{},"end":{}}],"line":14},"4":{"loc":{"start":{"line":14,"column":8},"end":{"line":14,"column":27}},"type":"binary-expr","locations":[{"start":{"line":14,"column":8},"end":{"line":14,"column":13}},{"start":{"line":14,"column":17},"end":{"line":14,"column":27}}],"line":14},"5":{"loc":{"start":{"line":22,"column":12},"end":{"line":22,"column":37}},"type":"binary-expr","locations":[{"start":{"line":22,"column":12},"end":{"line":22,"column":25}},{"start":{"line":22,"column":29},"end":{"line":22,"column":37}}],"line":22}},"s":{"0":0,"1":0,"2":0,"3":0,"4":0,"5":0,"6":0,"7":0,"8":0,"9":0},"f":{"0":0},"b":{"0":[0,0],"1":[0,0],"2":[0,0],"3":[0,0],"4":[0,0],"5":[0,0]},"meta":{"lastBranch":6,"lastFunction":1,"lastStatement":10,"seen":{"f:4:30:4:43":0,"s:5:26:5:69":0,"b:5:26:5:63:5:67:5:69":0,"b:7:2:9:3:undefined:undefined:undefined:undefined":1,"s:7:2:9:3":1,"b:7:6:7:25:7:29:7:35":2,"s:8:4:8:18":2,"s:11:2:26:3":3,"s:12:28:12:62":4,"b:14:4:16:5:undefined:undefined:undefined:undefined":3,"s:14:4:16:5":5,"b:14:8:14:13:14:17:14:27":4,"s:15:6:15:20":6,"s:18:20:18:70":7,"s:20:4:23:6":8,"b:22:12:22:25:22:29:22:37":5,"s:28:2:28:16":9},"fnNames":{}}}
,"C:\\Users\\User\\Documents\\TechUp\\FullStack Bootcamp\\personal-project\\music-event-blog-server\\middlewares\\postValidation.mjs": {"path":"C:\\Users\\User\\Documents\\TechUp\\FullStack Bootcamp\\personal-project\\music-event-blog-server\\middlewares\\postValidation.mjs","statementMap":{"0":{"start":{"line":2,"column":16},"end":{"line":2,"column":43}},"1":{"start":{"line":3,"column":16},"end":{"line":3,"column":43}},"2":{"start":{"line":4,"column":22},"end":{"line":4,"column":55}},"3":{"start":{"line":5,"column":18},"end":{"line":5,"column":47}},"4":{"start":{"line":6,"column":24},"end":{"line":6,"column":67}},"5":{"start":{"line":8,"column":4},"end":{"line":8,"column":66}},"6":{"start":{"line":9,"column":26},"end":{"line":9,"column":68}},"7":{"start":{"line":10,"column":17},"end":{"line":10,"column":78}},"8":{"start":{"line":12,"column":2},"end":{"line":14,"column":null}},"9":{"start":{"line":13,"column":4},"end":{"line":13,"column":null}},"10":{"start":{"line":16,"column":2},"end":{"line":18,"column":null}},"11":{"start":{"line":17,"column":4},"end":{"line":17,"column":null}},"12":{"start":{"line":20,"column":2},"end":{"line":24,"column":null}},"13":{"start":{"line":21,"column":4},"end":{"line":23,"column":null}},"14":{"start":{"line":26,"column":2},"end":{"line":28,"column":null}},"15":{"start":{"line":27,"column":4},"end":{"line":27,"column":null}},"16":{"start":{"line":30,"column":2},"end":{"line":34,"column":null}},"17":{"start":{"line":31,"column":4},"end":{"line":33,"column":null}},"18":{"start":{"line":36,"column":2},"end":{"line":38,"column":null}},"19":{"start":{"line":37,"column":4},"end":{"line":37,"column":null}},"20":{"start":{"line":40,"column":2},"end":{"line":44,"column":null}},"21":{"start":{"line":41,"column":4},"end":{"line":43,"column":null}},"22":{"start":{"line":46,"column":2},"end":{"line":53,"column":null}},"23":{"start":{"line":55,"column":2},"end":{"line":55,"column":null}},"24":{"start":{"line":59,"column":2},"end":{"line":59,"column":null}}},"fnMap":{"0":{"name":"validateCreatePost","decl":{"start":{"line":1,"column":16},"end":{"line":1,"column":34}},"loc":{"start":{"line":1,"column":51},"end":{"line":56,"column":null}},"line":1},"1":{"name":"cleanString","decl":{"start":{"line":58,"column":9},"end":{"line":58,"column":20}},"loc":{"start":{"line":58,"column":28},"end":{"line":60,"column":null}},"line":58}},"branchMap":{"0":{"loc":{"start":{"line":6,"column":24},"end":{"line":6,"column":67}},"type":"binary-expr","locations":[{"start":{"line":6,"column":24},"end":{"line":6,"column":43}},{"start":{"line":6,"column":47},"end":{"line":6,"column":67}}],"line":6},"1":{"loc":{"start":{"line":8,"column":4},"end":{"line":8,"column":66}},"type":"cond-expr","locations":[{"start":{"line":8,"column":40},"end":{"line":8,"column":53}},{"start":{"line":8,"column":56},"end":{"line":8,"column":66}}],"line":8},"2":{"loc":{"start":{"line":10,"column":17},"end":{"line":10,"column":78}},"type":"cond-expr","locations":[{"start":{"line":10,"column":51},"end":{"line":10,"column":60}},{"start":{"line":10,"column":63},"end":{"line":10,"column":78}}],"line":10},"3":{"loc":{"start":{"line":12,"column":2},"end":{"line":14,"column":null}},"type":"if","locations":[{"start":{"line":12,"column":2},"end":{"line":14,"column":null}},{"start":{},"end":{}}],"line":12},"4":{"loc":{"start":{"line":16,"column":2},"end":{"line":18,"column":null}},"type":"if","locations":[{"start":{"line":16,"column":2},"end":{"line":18,"column":null}},{"start":{},"end":{}}],"line":16},"5":{"loc":{"start":{"line":20,"column":2},"end":{"line":24,"column":null}},"type":"if","locations":[{"start":{"line":20,"column":2},"end":{"line":24,"column":null}},{"start":{},"end":{}}],"line":20},"6":{"loc":{"start":{"line":20,"column":6},"end":{"line":20,"column":53}},"type":"binary-expr","locations":[{"start":{"line":20,"column":6},"end":{"line":20,"column":35}},{"start":{"line":20,"column":39},"end":{"line":20,"column":53}}],"line":20},"7":{"loc":{"start":{"line":26,"column":2},"end":{"line":28,"column":null}},"type":"if","locations":[{"start":{"line":26,"column":2},"end":{"line":28,"column":null}},{"start":{},"end":{}}],"line":26},"8":{"loc":{"start":{"line":30,"column":2},"end":{"line":34,"column":null}},"type":"if","locations":[{"start":{"line":30,"column":2},"end":{"line":34,"column":null}},{"start":{},"end":{}}],"line":30},"9":{"loc":{"start":{"line":36,"column":2},"end":{"line":38,"column":null}},"type":"if","locations":[{"start":{"line":36,"column":2},"end":{"line":38,"column":null}},{"start":{},"end":{}}],"line":36},"10":{"loc":{"start":{"line":40,"column":2},"end":{"line":44,"column":null}},"type":"if","locations":[{"start":{"line":40,"column":2},"end":{"line":44,"column":null}},{"start":{},"end":{}}],"line":40},"11":{"loc":{"start":{"line":59,"column":9},"end":{"line":59,"column":54}},"type":"cond-expr","locations":[{"start":{"line":59,"column":37},"end":{"line":59,"column":49}},{"start":{"line":59,"column":52},"end":{"line":59,"column":54}}],"line":59}},"s":{"0":10,"1":10,"2":10,"3":10,"4":10,"5":10,"6":10,"7":10,"8":10,"9":4,"10":6,"11":1,"12":5,"13":1,"14":4,"15":0,"16":4,"17":1,"18":3,"19":0,"20":3,"21":1,"22":2,"23":2,"24":50},"f":{"0":10,"1":50},"b":{"0":[10,10],"1":[9,1],"2":[9,1],"3":[4,6],"4":[1,5],"5":[1,4],"6":[5,4],"7":[0,4],"8":[1,3],"9":[0,3],"10":[1,2],"11":[47,3]},"meta":{"lastBranch":12,"lastFunction":2,"lastStatement":25,"seen":{"f:1:16:1:34":0,"s:2:16:2:43":0,"s:3:16:3:43":1,"s:4:22:4:55":2,"s:5:18:5:47":3,"s:6:24:6:67":4,"b:6:24:6:43:6:47:6:67":0,"s:8:4:8:66":5,"b:8:40:8:53:8:56:8:66":1,"s:9:26:9:68":6,"s:10:17:10:78":7,"b:10:51:10:60:10:63:10:78":2,"b:12:2:14:Infinity:undefined:undefined:undefined:undefined":3,"s:12:2:14:Infinity":8,"s:13:4:13:Infinity":9,"b:16:2:18:Infinity:undefined:undefined:undefined:undefined":4,"s:16:2:18:Infinity":10,"s:17:4:17:Infinity":11,"b:20:2:24:Infinity:undefined:undefined:undefined:undefined":5,"s:20:2:24:Infinity":12,"b:20:6:20:35:20:39:20:53":6,"s:21:4:23:Infinity":13,"b:26:2:28:Infinity:undefined:undefined:undefined:undefined":7,"s:26:2:28:Infinity":14,"s:27:4:27:Infinity":15,"b:30:2:34:Infinity:undefined:undefined:undefined:undefined":8,"s:30:2:34:Infinity":16,"s:31:4:33:Infinity":17,"b:36:2:38:Infinity:undefined:undefined:undefined:undefined":9,"s:36:2:38:Infinity":18,"s:37:4:37:Infinity":19,"b:40:2:44:Infinity:undefined:undefined:undefined:undefined":10,"s:40:2:44:Infinity":20,"s:41:4:43:Infinity":21,"s:46:2:53:Infinity":22,"s:55:2:55:Infinity":23,"f:58:9:58:20":1,"s:59:2:59:Infinity":24,"b:59:37:59:49:59:52:59:54":11},"fnNames":{}}}
,"C:\\Users\\User\\Documents\\TechUp\\FullStack Bootcamp\\personal-project\\music-event-blog-server\\middlewares\\protectAdmin.mjs": {"path":"C:\\Users\\User\\Documents\\TechUp\\FullStack Bootcamp\\personal-project\\music-event-blog-server\\middlewares\\protectAdmin.mjs","statementMap":{"0":{"start":{"line":4,"column":21},"end":{"line":34,"column":1}},"1":{"start":{"line":5,"column":26},"end":{"line":5,"column":69}},"2":{"start":{"line":7,"column":2},"end":{"line":9,"column":null}},"3":{"start":{"line":8,"column":4},"end":{"line":8,"column":null}},"4":{"start":{"line":11,"column":2},"end":{"line":33,"column":null}},"5":{"start":{"line":12,"column":28},"end":{"line":12,"column":62}},"6":{"start":{"line":14,"column":4},"end":{"line":16,"column":null}},"7":{"start":{"line":15,"column":6},"end":{"line":15,"column":null}},"8":{"start":{"line":18,"column":20},"end":{"line":18,"column":70}},"9":{"start":{"line":20,"column":4},"end":{"line":22,"column":null}},"10":{"start":{"line":21,"column":6},"end":{"line":21,"column":null}},"11":{"start":{"line":24,"column":4},"end":{"line":24,"column":null}},"12":{"start":{"line":26,"column":4},"end":{"line":28,"column":null}},"13":{"start":{"line":27,"column":6},"end":{"line":27,"column":null}},"14":{"start":{"line":30,"column":4},"end":{"line":30,"column":null}},"15":{"start":{"line":32,"column":4},"end":{"line":32,"column":null}}},"fnMap":{"0":{"name":"(anonymous_0)","decl":{"start":{"line":4,"column":21},"end":{"line":4,"column":26}},"loc":{"start":{"line":4,"column":47},"end":{"line":34,"column":1}},"line":4}},"branchMap":{"0":{"loc":{"start":{"line":5,"column":26},"end":{"line":5,"column":69}},"type":"binary-expr","locations":[{"start":{"line":5,"column":26},"end":{"line":5,"column":63}},{"start":{"line":5,"column":67},"end":{"line":5,"column":69}}],"line":5},"1":{"loc":{"start":{"line":7,"column":2},"end":{"line":9,"column":null}},"type":"if","locations":[{"start":{"line":7,"column":2},"end":{"line":9,"column":null}},{"start":{},"end":{}}],"line":7},"2":{"loc":{"start":{"line":7,"column":6},"end":{"line":7,"column":35}},"type":"binary-expr","locations":[{"start":{"line":7,"column":6},"end":{"line":7,"column":25}},{"start":{"line":7,"column":29},"end":{"line":7,"column":35}}],"line":7},"3":{"loc":{"start":{"line":14,"column":4},"end":{"line":16,"column":null}},"type":"if","locations":[{"start":{"line":14,"column":4},"end":{"line":16,"column":null}},{"start":{},"end":{}}],"line":14},"4":{"loc":{"start":{"line":14,"column":8},"end":{"line":14,"column":27}},"type":"binary-expr","locations":[{"start":{"line":14,"column":8},"end":{"line":14,"column":13}},{"start":{"line":14,"column":17},"end":{"line":14,"column":27}}],"line":14},"5":{"loc":{"start":{"line":20,"column":4},"end":{"line":22,"column":null}},"type":"if","locations":[{"start":{"line":20,"column":4},"end":{"line":22,"column":null}},{"start":{},"end":{}}],"line":20},"6":{"loc":{"start":{"line":26,"column":4},"end":{"line":28,"column":null}},"type":"if","locations":[{"start":{"line":26,"column":4},"end":{"line":28,"column":null}},{"start":{},"end":{}}],"line":26}},"s":{"0":1,"1":2,"2":2,"3":2,"4":0,"5":0,"6":0,"7":0,"8":0,"9":0,"10":0,"11":0,"12":0,"13":0,"14":0,"15":0},"f":{"0":2},"b":{"0":[2,2],"1":[2,0],"2":[2,0],"3":[0,0],"4":[0,0],"5":[0,0],"6":[0,0]},"meta":{"lastBranch":7,"lastFunction":1,"lastStatement":16,"seen":{"s:4:21:34:1":0,"f:4:21:4:26":0,"s:5:26:5:69":1,"b:5:26:5:63:5:67:5:69":0,"b:7:2:9:Infinity:undefined:undefined:undefined:undefined":1,"s:7:2:9:Infinity":2,"b:7:6:7:25:7:29:7:35":2,"s:8:4:8:Infinity":3,"s:11:2:33:Infinity":4,"s:12:28:12:62":5,"b:14:4:16:Infinity:undefined:undefined:undefined:undefined":3,"s:14:4:16:Infinity":6,"b:14:8:14:13:14:17:14:27":4,"s:15:6:15:Infinity":7,"s:18:20:18:70":8,"b:20:4:22:Infinity:undefined:undefined:undefined:undefined":5,"s:20:4:22:Infinity":9,"s:21:6:21:Infinity":10,"s:24:4:24:Infinity":11,"b:26:4:28:Infinity:undefined:undefined:undefined:undefined":6,"s:26:4:28:Infinity":12,"s:27:6:27:Infinity":13,"s:30:4:30:Infinity":14,"s:32:4:32:Infinity":15},"fnNames":{}}}
,"C:\\Users\\User\\Documents\\TechUp\\FullStack Bootcamp\\personal-project\\music-event-blog-server\\middlewares\\protectUser.mjs": {"path":"C:\\Users\\User\\Documents\\TechUp\\FullStack Bootcamp\\personal-project\\music-event-blog-server\\middlewares\\protectUser.mjs","statementMap":{"0":{"start":{"line":3,"column":20},"end":{"line":20,"column":1}},"1":{"start":{"line":4,"column":26},"end":{"line":4,"column":69}},"2":{"start":{"line":6,"column":2},"end":{"line":8,"column":null}},"3":{"start":{"line":7,"column":4},"end":{"line":7,"column":null}},"4":{"start":{"line":10,"column":2},"end":{"line":19,"column":null}},"5":{"start":{"line":11,"column":28},"end":{"line":11,"column":62}},"6":{"start":{"line":12,"column":4},"end":{"line":14,"column":null}},"7":{"start":{"line":13,"column":6},"end":{"line":13,"column":null}},"8":{"start":{"line":15,"column":4},"end":{"line":15,"column":null}},"9":{"start":{"line":16,"column":4},"end":{"line":16,"column":null}},"10":{"start":{"line":18,"column":4},"end":{"line":18,"column":null}}},"fnMap":{"0":{"name":"(anonymous_0)","decl":{"start":{"line":3,"column":20},"end":{"line":3,"column":25}},"loc":{"start":{"line":3,"column":46},"end":{"line":20,"column":1}},"line":3}},"branchMap":{"0":{"loc":{"start":{"line":4,"column":26},"end":{"line":4,"column":69}},"type":"binary-expr","locations":[{"start":{"line":4,"column":26},"end":{"line":4,"column":63}},{"start":{"line":4,"column":67},"end":{"line":4,"column":69}}],"line":4},"1":{"loc":{"start":{"line":6,"column":2},"end":{"line":8,"column":null}},"type":"if","locations":[{"start":{"line":6,"column":2},"end":{"line":8,"column":null}},{"start":{},"end":{}}],"line":6},"2":{"loc":{"start":{"line":6,"column":6},"end":{"line":6,"column":35}},"type":"binary-expr","locations":[{"start":{"line":6,"column":6},"end":{"line":6,"column":25}},{"start":{"line":6,"column":29},"end":{"line":6,"column":35}}],"line":6},"3":{"loc":{"start":{"line":12,"column":4},"end":{"line":14,"column":null}},"type":"if","locations":[{"start":{"line":12,"column":4},"end":{"line":14,"column":null}},{"start":{},"end":{}}],"line":12},"4":{"loc":{"start":{"line":12,"column":8},"end":{"line":12,"column":27}},"type":"binary-expr","locations":[{"start":{"line":12,"column":8},"end":{"line":12,"column":13}},{"start":{"line":12,"column":17},"end":{"line":12,"column":27}}],"line":12}},"s":{"0":3,"1":8,"2":8,"3":6,"4":2,"5":2,"6":2,"7":1,"8":1,"9":1,"10":0},"f":{"0":8},"b":{"0":[8,6],"1":[6,2],"2":[8,2],"3":[1,1],"4":[2,1]},"meta":{"lastBranch":5,"lastFunction":1,"lastStatement":11,"seen":{"s:3:20:20:1":0,"f:3:20:3:25":0,"s:4:26:4:69":1,"b:4:26:4:63:4:67:4:69":0,"b:6:2:8:Infinity:undefined:undefined:undefined:undefined":1,"s:6:2:8:Infinity":2,"b:6:6:6:25:6:29:6:35":2,"s:7:4:7:Infinity":3,"s:10:2:19:Infinity":4,"s:11:28:11:62":5,"b:12:4:14:Infinity:undefined:undefined:undefined:undefined":3,"s:12:4:14:Infinity":6,"b:12:8:12:13:12:17:12:27":4,"s:13:6:13:Infinity":7,"s:15:4:15:Infinity":8,"s:16:4:16:Infinity":9,"s:18:4:18:Infinity":10},"fnNames":{}}}
,"C:\\Users\\User\\Documents\\TechUp\\FullStack Bootcamp\\personal-project\\music-event-blog-server\\middlewares\\uploadAvatar.mjs": {"path":"C:\\Users\\User\\Documents\\TechUp\\FullStack Bootcamp\\personal-project\\music-event-blog-server\\middlewares\\uploadAvatar.mjs","statementMap":{"0":{"start":{"line":3,"column":24},"end":{"line":3,"column":39}},"1":{"start":{"line":4,"column":29},"end":{"line":9,"column":2}},"2":{"start":{"line":11,"column":15},"end":{"line":25,"column":2}},"3":{"start":{"line":18,"column":4},"end":{"line":21,"column":5}},"4":{"start":{"line":19,"column":6},"end":{"line":19,"column":65}},"5":{"start":{"line":20,"column":6},"end":{"line":20,"column":13}},"6":{"start":{"line":23,"column":4},"end":{"line":23,"column":25}},"7":{"start":{"line":27,"column":28},"end":{"line":27,"column":51}},"8":{"start":{"line":30,"column":2},"end":{"line":32,"column":3}},"9":{"start":{"line":31,"column":4},"end":{"line":31,"column":18}},"10":{"start":{"line":34,"column":2},"end":{"line":42,"column":3}},"11":{"start":{"line":35,"column":4},"end":{"line":39,"column":5}},"12":{"start":{"line":36,"column":6},"end":{"line":38,"column":66}},"13":{"start":{"line":41,"column":4},"end":{"line":41,"column":60}},"14":{"start":{"line":44,"column":2},"end":{"line":46,"column":3}},"15":{"start":{"line":45,"column":4},"end":{"line":45,"column":60}},"16":{"start":{"line":48,"column":2},"end":{"line":48,"column":21}}},"fnMap":{"0":{"name":"fileFilter","decl":{"start":{"line":17,"column":2},"end":{"line":17,"column":12}},"loc":{"start":{"line":17,"column":35},"end":{"line":24,"column":3}},"line":17},"1":{"name":"handleAvatarUploadError","decl":{"start":{"line":29,"column":16},"end":{"line":29,"column":39}},"loc":{"start":{"line":29,"column":64},"end":{"line":49,"column":1}},"line":29}},"branchMap":{"0":{"loc":{"start":{"line":18,"column":4},"end":{"line":21,"column":5}},"type":"if","locations":[{"start":{"line":18,"column":4},"end":{"line":21,"column":5}},{"start":{},"end":{}}],"line":18},"1":{"loc":{"start":{"line":30,"column":2},"end":{"line":32,"column":3}},"type":"if","locations":[{"start":{"line":30,"column":2},"end":{"line":32,"column":3}},{"start":{},"end":{}}],"line":30},"2":{"loc":{"start":{"line":34,"column":2},"end":{"line":42,"column":3}},"type":"if","locations":[{"start":{"line":34,"column":2},"end":{"line":42,"column":3}},{"start":{},"end":{}}],"line":34},"3":{"loc":{"start":{"line":35,"column":4},"end":{"line":39,"column":5}},"type":"if","locations":[{"start":{"line":35,"column":4},"end":{"line":39,"column":5}},{"start":{},"end":{}}],"line":35},"4":{"loc":{"start":{"line":44,"column":2},"end":{"line":46,"column":3}},"type":"if","locations":[{"start":{"line":44,"column":2},"end":{"line":46,"column":3}},{"start":{},"end":{}}],"line":44}},"s":{"0":2,"1":2,"2":2,"3":0,"4":0,"5":0,"6":0,"7":2,"8":0,"9":0,"10":0,"11":0,"12":0,"13":0,"14":0,"15":0,"16":0},"f":{"0":0,"1":0},"b":{"0":[0,0],"1":[0,0],"2":[0,0],"3":[0,0],"4":[0,0]},"meta":{"lastBranch":5,"lastFunction":2,"lastStatement":17,"seen":{"s:3:24:3:39":0,"s:4:29:9:2":1,"s:11:15:25:2":2,"f:17:2:17:12":0,"b:18:4:21:5:undefined:undefined:undefined:undefined":0,"s:18:4:21:5":3,"s:19:6:19:65":4,"s:20:6:20:13":5,"s:23:4:23:25":6,"s:27:28:27:51":7,"f:29:16:29:39":1,"b:30:2:32:3:undefined:undefined:undefined:undefined":1,"s:30:2:32:3":8,"s:31:4:31:18":9,"b:34:2:42:3:undefined:undefined:undefined:undefined":2,"s:34:2:42:3":10,"b:35:4:39:5:undefined:undefined:undefined:undefined":3,"s:35:4:39:5":11,"s:36:6:38:66":12,"s:41:4:41:60":13,"b:44:2:46:3:undefined:undefined:undefined:undefined":4,"s:44:2:46:3":14,"s:45:4:45:60":15,"s:48:2:48:21":16},"fnNames":{}}}
,"C:\\Users\\User\\Documents\\TechUp\\FullStack Bootcamp\\personal-project\\music-event-blog-server\\repositories\\categoryRepository.mjs": {"path":"C:\\Users\\User\\Documents\\TechUp\\FullStack Bootcamp\\personal-project\\music-event-blog-server\\repositories\\categoryRepository.mjs","statementMap":{"0":{"start":{"line":4,"column":17},"end":{"line":6,"column":3}},"1":{"start":{"line":7,"column":2},"end":{"line":7,"column":null}},"2":{"start":{"line":11,"column":16},"end":{"line":13,"column":63}},"3":{"start":{"line":14,"column":17},"end":{"line":14,"column":55}},"4":{"start":{"line":15,"column":17},"end":{"line":15,"column":58}},"5":{"start":{"line":16,"column":2},"end":{"line":16,"column":null}},"6":{"start":{"line":20,"column":17},"end":{"line":23,"column":3}},"7":{"start":{"line":24,"column":2},"end":{"line":24,"column":null}},"8":{"start":{"line":28,"column":17},"end":{"line":31,"column":3}},"9":{"start":{"line":32,"column":2},"end":{"line":32,"column":null}},"10":{"start":{"line":36,"column":17},"end":{"line":39,"column":3}},"11":{"start":{"line":40,"column":2},"end":{"line":40,"column":null}},"12":{"start":{"line":44,"column":17},"end":{"line":47,"column":3}},"13":{"start":{"line":48,"column":2},"end":{"line":48,"column":null}}},"fnMap":{"0":{"name":"findAllCategories","decl":{"start":{"line":3,"column":22},"end":{"line":3,"column":39}},"loc":{"start":{"line":3,"column":42},"end":{"line":8,"column":null}},"line":3},"1":{"name":"findDuplicateCategory","decl":{"start":{"line":10,"column":22},"end":{"line":10,"column":43}},"loc":{"start":{"line":10,"column":68},"end":{"line":17,"column":null}},"line":10},"2":{"name":"createCategory","decl":{"start":{"line":19,"column":22},"end":{"line":19,"column":36}},"loc":{"start":{"line":19,"column":43},"end":{"line":25,"column":null}},"line":19},"3":{"name":"updateCategory","decl":{"start":{"line":27,"column":22},"end":{"line":27,"column":36}},"loc":{"start":{"line":27,"column":55},"end":{"line":33,"column":null}},"line":27},"4":{"name":"countPostsUsingCategory","decl":{"start":{"line":35,"column":22},"end":{"line":35,"column":45}},"loc":{"start":{"line":35,"column":58},"end":{"line":41,"column":null}},"line":35},"5":{"name":"deleteCategory","decl":{"start":{"line":43,"column":22},"end":{"line":43,"column":36}},"loc":{"start":{"line":43,"column":49},"end":{"line":49,"column":null}},"line":43}},"branchMap":{"0":{"loc":{"start":{"line":10,"column":50},"end":{"line":10,"column":66}},"type":"default-arg","locations":[{"start":{"line":10,"column":62},"end":{"line":10,"column":66}}],"line":10},"1":{"loc":{"start":{"line":11,"column":16},"end":{"line":13,"column":63}},"type":"cond-expr","locations":[{"start":{"line":12,"column":6},"end":{"line":12,"column":null}},{"start":{"line":13,"column":6},"end":{"line":13,"column":63}}],"line":11},"2":{"loc":{"start":{"line":14,"column":17},"end":{"line":14,"column":55}},"type":"cond-expr","locations":[{"start":{"line":14,"column":29},"end":{"line":14,"column":46}},{"start":{"line":14,"column":49},"end":{"line":14,"column":55}}],"line":14},"3":{"loc":{"start":{"line":32,"column":9},"end":{"line":32,"column":31}},"type":"binary-expr","locations":[{"start":{"line":32,"column":9},"end":{"line":32,"column":23}},{"start":{"line":32,"column":27},"end":{"line":32,"column":31}}],"line":32}},"s":{"0":0,"1":0,"2":0,"3":0,"4":0,"5":0,"6":0,"7":0,"8":0,"9":0,"10":0,"11":0,"12":0,"13":0},"f":{"0":0,"1":0,"2":0,"3":0,"4":0,"5":0},"b":{"0":[0],"1":[0,0],"2":[0,0],"3":[0,0]},"meta":{"lastBranch":4,"lastFunction":6,"lastStatement":14,"seen":{"f:3:22:3:39":0,"s:4:17:6:3":0,"s:7:2:7:Infinity":1,"f:10:22:10:43":1,"b:10:62:10:66":0,"s:11:16:13:63":2,"b:12:6:12:Infinity:13:6:13:63":1,"s:14:17:14:55":3,"b:14:29:14:46:14:49:14:55":2,"s:15:17:15:58":4,"s:16:2:16:Infinity":5,"f:19:22:19:36":2,"s:20:17:23:3":6,"s:24:2:24:Infinity":7,"f:27:22:27:36":3,"s:28:17:31:3":8,"s:32:2:32:Infinity":9,"b:32:9:32:23:32:27:32:31":3,"f:35:22:35:45":4,"s:36:17:39:3":10,"s:40:2:40:Infinity":11,"f:43:22:43:36":5,"s:44:17:47:3":12,"s:48:2:48:Infinity":13},"fnNames":{}}}
,"C:\\Users\\User\\Documents\\TechUp\\FullStack Bootcamp\\personal-project\\music-event-blog-server\\repositories\\notificationRepository.mjs": {"path":"C:\\Users\\User\\Documents\\TechUp\\FullStack Bootcamp\\personal-project\\music-event-blog-server\\repositories\\notificationRepository.mjs","statementMap":{"0":{"start":{"line":4,"column":17},"end":{"line":27,"column":3}},"1":{"start":{"line":28,"column":2},"end":{"line":28,"column":null}},"2":{"start":{"line":32,"column":17},"end":{"line":37,"column":3}},"3":{"start":{"line":38,"column":2},"end":{"line":38,"column":null}},"4":{"start":{"line":42,"column":2},"end":{"line":47,"column":null}}},"fnMap":{"0":{"name":"findNotificationsByRecipient","decl":{"start":{"line":3,"column":22},"end":{"line":3,"column":50}},"loc":{"start":{"line":3,"column":64},"end":{"line":29,"column":null}},"line":3},"1":{"name":"countUnreadNotifications","decl":{"start":{"line":31,"column":22},"end":{"line":31,"column":46}},"loc":{"start":{"line":31,"column":60},"end":{"line":39,"column":null}},"line":31},"2":{"name":"markAllAsRead","decl":{"start":{"line":41,"column":22},"end":{"line":41,"column":35}},"loc":{"start":{"line":41,"column":49},"end":{"line":48,"column":null}},"line":41}},"branchMap":{},"s":{"0":0,"1":0,"2":0,"3":0,"4":0},"f":{"0":0,"1":0,"2":0},"b":{},"meta":{"lastBranch":0,"lastFunction":3,"lastStatement":5,"seen":{"f:3:22:3:50":0,"s:4:17:27:3":0,"s:28:2:28:Infinity":1,"f:31:22:31:46":1,"s:32:17:37:3":2,"s:38:2:38:Infinity":3,"f:41:22:41:35":2,"s:42:2:47:Infinity":4},"fnNames":{}}}
,"C:\\Users\\User\\Documents\\TechUp\\FullStack Bootcamp\\personal-project\\music-event-blog-server\\repositories\\postRepository.mjs": {"path":"C:\\Users\\User\\Documents\\TechUp\\FullStack Bootcamp\\personal-project\\music-event-blog-server\\repositories\\postRepository.mjs","statementMap":{"0":{"start":{"line":3,"column":27},"end":{"line":30,"column":1}},"1":{"start":{"line":32,"column":30},"end":{"line":46,"column":1}},"2":{"start":{"line":49,"column":17},"end":{"line":56,"column":3}},"3":{"start":{"line":57,"column":2},"end":{"line":57,"column":null}},"4":{"start":{"line":61,"column":21},"end":{"line":61,"column":47}},"5":{"start":{"line":62,"column":17},"end":{"line":68,"column":3}},"6":{"start":{"line":69,"column":2},"end":{"line":69,"column":null}},"7":{"start":{"line":73,"column":17},"end":{"line":76,"column":3}},"8":{"start":{"line":77,"column":2},"end":{"line":77,"column":null}},"9":{"start":{"line":81,"column":17},"end":{"line":87,"column":3}},"10":{"start":{"line":88,"column":2},"end":{"line":88,"column":null}},"11":{"start":{"line":92,"column":17},"end":{"line":97,"column":3}},"12":{"start":{"line":98,"column":2},"end":{"line":98,"column":null}},"13":{"start":{"line":102,"column":17},"end":{"line":105,"column":3}},"14":{"start":{"line":106,"column":2},"end":{"line":106,"column":null}},"15":{"start":{"line":110,"column":17},"end":{"line":113,"column":3}},"16":{"start":{"line":114,"column":2},"end":{"line":114,"column":null}},"17":{"start":{"line":118,"column":17},"end":{"line":121,"column":3}},"18":{"start":{"line":122,"column":2},"end":{"line":122,"column":null}},"19":{"start":{"line":126,"column":17},"end":{"line":140,"column":3}},"20":{"start":{"line":141,"column":2},"end":{"line":141,"column":null}},"21":{"start":{"line":145,"column":17},"end":{"line":164,"column":3}},"22":{"start":{"line":165,"column":2},"end":{"line":165,"column":null}},"23":{"start":{"line":169,"column":17},"end":{"line":172,"column":3}},"24":{"start":{"line":173,"column":2},"end":{"line":173,"column":null}},"25":{"start":{"line":177,"column":17},"end":{"line":180,"column":3}},"26":{"start":{"line":181,"column":2},"end":{"line":181,"column":null}},"27":{"start":{"line":185,"column":17},"end":{"line":191,"column":3}},"28":{"start":{"line":192,"column":2},"end":{"line":192,"column":null}},"29":{"start":{"line":196,"column":17},"end":{"line":201,"column":3}},"30":{"start":{"line":202,"column":2},"end":{"line":202,"column":null}},"31":{"start":{"line":206,"column":17},"end":{"line":209,"column":3}},"32":{"start":{"line":210,"column":2},"end":{"line":210,"column":null}},"33":{"start":{"line":214,"column":2},"end":{"line":220,"column":null}},"34":{"start":{"line":224,"column":2},"end":{"line":231,"column":null}},"35":{"start":{"line":235,"column":17},"end":{"line":242,"column":3}},"36":{"start":{"line":243,"column":2},"end":{"line":243,"column":null}},"37":{"start":{"line":247,"column":17},"end":{"line":252,"column":3}},"38":{"start":{"line":253,"column":2},"end":{"line":253,"column":null}},"39":{"start":{"line":263,"column":2},"end":{"line":268,"column":null}},"40":{"start":{"line":272,"column":17},"end":{"line":275,"column":3}},"41":{"start":{"line":276,"column":2},"end":{"line":276,"column":null}},"42":{"start":{"line":280,"column":17},"end":{"line":283,"column":3}},"43":{"start":{"line":284,"column":2},"end":{"line":284,"column":null}}},"fnMap":{"0":{"name":"countPosts","decl":{"start":{"line":48,"column":22},"end":{"line":48,"column":32}},"loc":{"start":{"line":48,"column":54},"end":{"line":58,"column":null}},"line":48},"1":{"name":"findPosts","decl":{"start":{"line":60,"column":22},"end":{"line":60,"column":31}},"loc":{"start":{"line":60,"column":68},"end":{"line":70,"column":null}},"line":60},"2":{"name":"findPostById","decl":{"start":{"line":72,"column":22},"end":{"line":72,"column":34}},"loc":{"start":{"line":72,"column":68},"end":{"line":78,"column":null}},"line":72},"3":{"name":"findPostStatus","decl":{"start":{"line":80,"column":22},"end":{"line":80,"column":36}},"loc":{"start":{"line":80,"column":45},"end":{"line":89,"column":null}},"line":80},"4":{"name":"findCommentsByPostId","decl":{"start":{"line":91,"column":22},"end":{"line":91,"column":42}},"loc":{"start":{"line":91,"column":51},"end":{"line":99,"column":null}},"line":91},"5":{"name":"hasUserLikedPost","decl":{"start":{"line":101,"column":22},"end":{"line":101,"column":38}},"loc":{"start":{"line":101,"column":55},"end":{"line":107,"column":null}},"line":101},"6":{"name":"findCategoryById","decl":{"start":{"line":109,"column":22},"end":{"line":109,"column":38}},"loc":{"start":{"line":109,"column":59},"end":{"line":115,"column":null}},"line":109},"7":{"name":"findStatusByName","decl":{"start":{"line":117,"column":22},"end":{"line":117,"column":38}},"loc":{"start":{"line":117,"column":55},"end":{"line":123,"column":null}},"line":117},"8":{"name":"insertPost","decl":{"start":{"line":125,"column":22},"end":{"line":125,"column":32}},"loc":{"start":{"line":125,"column":47},"end":{"line":142,"column":null}},"line":125},"9":{"name":"updatePost","decl":{"start":{"line":144,"column":22},"end":{"line":144,"column":32}},"loc":{"start":{"line":144,"column":55},"end":{"line":166,"column":null}},"line":144},"10":{"name":"deletePost","decl":{"start":{"line":168,"column":22},"end":{"line":168,"column":32}},"loc":{"start":{"line":168,"column":41},"end":{"line":174,"column":null}},"line":168},"11":{"name":"findPostForLike","decl":{"start":{"line":176,"column":22},"end":{"line":176,"column":37}},"loc":{"start":{"line":176,"column":54},"end":{"line":182,"column":null}},"line":176},"12":{"name":"insertLike","decl":{"start":{"line":184,"column":22},"end":{"line":184,"column":32}},"loc":{"start":{"line":184,"column":57},"end":{"line":193,"column":null}},"line":184},"13":{"name":"deleteLike","decl":{"start":{"line":195,"column":22},"end":{"line":195,"column":32}},"loc":{"start":{"line":195,"column":57},"end":{"line":203,"column":null}},"line":195},"14":{"name":"getLikesCount","decl":{"start":{"line":205,"column":22},"end":{"line":205,"column":35}},"loc":{"start":{"line":205,"column":52},"end":{"line":211,"column":null}},"line":205},"15":{"name":"insertLikeNotification","decl":{"start":{"line":213,"column":22},"end":{"line":213,"column":44}},"loc":{"start":{"line":213,"column":83},"end":{"line":221,"column":null}},"line":213},"16":{"name":"deleteLikeNotification","decl":{"start":{"line":223,"column":22},"end":{"line":223,"column":44}},"loc":{"start":{"line":223,"column":83},"end":{"line":232,"column":null}},"line":223},"17":{"name":"findPublishedPostForComment","decl":{"start":{"line":234,"column":22},"end":{"line":234,"column":49}},"loc":{"start":{"line":234,"column":66},"end":{"line":244,"column":null}},"line":234},"18":{"name":"insertComment","decl":{"start":{"line":246,"column":22},"end":{"line":246,"column":35}},"loc":{"start":{"line":246,"column":69},"end":{"line":254,"column":null}},"line":246},"19":{"name":"insertCommentNotification","decl":{"start":{"line":256,"column":22},"end":{"line":256,"column":47}},"loc":{"start":{"line":262,"column":2},"end":{"line":269,"column":null}},"line":262},"20":{"name":"findCommentById","decl":{"start":{"line":271,"column":22},"end":{"line":271,"column":37}},"loc":{"start":{"line":271,"column":49},"end":{"line":277,"column":null}},"line":271},"21":{"name":"findPostAuthorForUnlike","decl":{"start":{"line":279,"column":22},"end":{"line":279,"column":45}},"loc":{"start":{"line":279,"column":62},"end":{"line":285,"column":null}},"line":279}},"branchMap":{"0":{"loc":{"start":{"line":72,"column":43},"end":{"line":72,"column":66}},"type":"default-arg","locations":[{"start":{"line":72,"column":52},"end":{"line":72,"column":66}}],"line":72},"1":{"loc":{"start":{"line":77,"column":9},"end":{"line":77,"column":31}},"type":"binary-expr","locations":[{"start":{"line":77,"column":9},"end":{"line":77,"column":23}},{"start":{"line":77,"column":27},"end":{"line":77,"column":31}}],"line":77},"2":{"loc":{"start":{"line":88,"column":9},"end":{"line":88,"column":31}},"type":"binary-expr","locations":[{"start":{"line":88,"column":9},"end":{"line":88,"column":23}},{"start":{"line":88,"column":27},"end":{"line":88,"column":31}}],"line":88},"3":{"loc":{"start":{"line":122,"column":9},"end":{"line":122,"column":31}},"type":"binary-expr","locations":[{"start":{"line":122,"column":9},"end":{"line":122,"column":23}},{"start":{"line":122,"column":27},"end":{"line":122,"column":31}}],"line":122},"4":{"loc":{"start":{"line":181,"column":9},"end":{"line":181,"column":31}},"type":"binary-expr","locations":[{"start":{"line":181,"column":9},"end":{"line":181,"column":23}},{"start":{"line":181,"column":27},"end":{"line":181,"column":31}}],"line":181},"5":{"loc":{"start":{"line":210,"column":16},"end":{"line":210,"column":48}},"type":"binary-expr","locations":[{"start":{"line":210,"column":16},"end":{"line":210,"column":43}},{"start":{"line":210,"column":47},"end":{"line":210,"column":48}}],"line":210},"6":{"loc":{"start":{"line":243,"column":9},"end":{"line":243,"column":31}},"type":"binary-expr","locations":[{"start":{"line":243,"column":9},"end":{"line":243,"column":23}},{"start":{"line":243,"column":27},"end":{"line":243,"column":31}}],"line":243},"7":{"loc":{"start":{"line":276,"column":9},"end":{"line":276,"column":31}},"type":"binary-expr","locations":[{"start":{"line":276,"column":9},"end":{"line":276,"column":23}},{"start":{"line":276,"column":27},"end":{"line":276,"column":31}}],"line":276},"8":{"loc":{"start":{"line":284,"column":9},"end":{"line":284,"column":31}},"type":"binary-expr","locations":[{"start":{"line":284,"column":9},"end":{"line":284,"column":23}},{"start":{"line":284,"column":27},"end":{"line":284,"column":31}}],"line":284}},"s":{"0":2,"1":2,"2":0,"3":0,"4":0,"5":0,"6":0,"7":0,"8":0,"9":0,"10":0,"11":0,"12":0,"13":0,"14":0,"15":0,"16":0,"17":0,"18":0,"19":0,"20":0,"21":0,"22":0,"23":0,"24":0,"25":0,"26":0,"27":0,"28":0,"29":0,"30":0,"31":0,"32":0,"33":0,"34":0,"35":0,"36":0,"37":0,"38":0,"39":0,"40":0,"41":0,"42":0,"43":0},"f":{"0":0,"1":0,"2":0,"3":0,"4":0,"5":0,"6":0,"7":0,"8":0,"9":0,"10":0,"11":0,"12":0,"13":0,"14":0,"15":0,"16":0,"17":0,"18":0,"19":0,"20":0,"21":0},"b":{"0":[0],"1":[0,0],"2":[0,0],"3":[0,0],"4":[0,0],"5":[0,0],"6":[0,0],"7":[0,0],"8":[0,0]},"meta":{"lastBranch":9,"lastFunction":22,"lastStatement":44,"seen":{"s:3:27:30:1":0,"s:32:30:46:1":1,"f:48:22:48:32":0,"s:49:17:56:3":2,"s:57:2:57:Infinity":3,"f:60:22:60:31":1,"s:61:21:61:47":4,"s:62:17:68:3":5,"s:69:2:69:Infinity":6,"f:72:22:72:34":2,"b:72:52:72:66":0,"s:73:17:76:3":7,"s:77:2:77:Infinity":8,"b:77:9:77:23:77:27:77:31":1,"f:80:22:80:36":3,"s:81:17:87:3":9,"s:88:2:88:Infinity":10,"b:88:9:88:23:88:27:88:31":2,"f:91:22:91:42":4,"s:92:17:97:3":11,"s:98:2:98:Infinity":12,"f:101:22:101:38":5,"s:102:17:105:3":13,"s:106:2:106:Infinity":14,"f:109:22:109:38":6,"s:110:17:113:3":15,"s:114:2:114:Infinity":16,"f:117:22:117:38":7,"s:118:17:121:3":17,"s:122:2:122:Infinity":18,"b:122:9:122:23:122:27:122:31":3,"f:125:22:125:32":8,"s:126:17:140:3":19,"s:141:2:141:Infinity":20,"f:144:22:144:32":9,"s:145:17:164:3":21,"s:165:2:165:Infinity":22,"f:168:22:168:32":10,"s:169:17:172:3":23,"s:173:2:173:Infinity":24,"f:176:22:176:37":11,"s:177:17:180:3":25,"s:181:2:181:Infinity":26,"b:181:9:181:23:181:27:181:31":4,"f:184:22:184:32":12,"s:185:17:191:3":27,"s:192:2:192:Infinity":28,"f:195:22:195:32":13,"s:196:17:201:3":29,"s:202:2:202:Infinity":30,"f:205:22:205:35":14,"s:206:17:209:3":31,"s:210:2:210:Infinity":32,"b:210:16:210:43:210:47:210:48":5,"f:213:22:213:44":15,"s:214:2:220:Infinity":33,"f:223:22:223:44":16,"s:224:2:231:Infinity":34,"f:234:22:234:49":17,"s:235:17:242:3":35,"s:243:2:243:Infinity":36,"b:243:9:243:23:243:27:243:31":6,"f:246:22:246:35":18,"s:247:17:252:3":37,"s:253:2:253:Infinity":38,"f:256:22:256:47":19,"s:263:2:268:Infinity":39,"f:271:22:271:37":20,"s:272:17:275:3":40,"s:276:2:276:Infinity":41,"b:276:9:276:23:276:27:276:31":7,"f:279:22:279:45":21,"s:280:17:283:3":42,"s:284:2:284:Infinity":43,"b:284:9:284:23:284:27:284:31":8},"fnNames":{}}}
,"C:\\Users\\User\\Documents\\TechUp\\FullStack Bootcamp\\personal-project\\music-event-blog-server\\repositories\\userRepository.mjs": {"path":"C:\\Users\\User\\Documents\\TechUp\\FullStack Bootcamp\\personal-project\\music-event-blog-server\\repositories\\userRepository.mjs","statementMap":{"0":{"start":{"line":4,"column":17},"end":{"line":7,"column":3}},"1":{"start":{"line":8,"column":2},"end":{"line":8,"column":null}},"2":{"start":{"line":12,"column":17},"end":{"line":15,"column":3}},"3":{"start":{"line":16,"column":2},"end":{"line":16,"column":null}},"4":{"start":{"line":20,"column":17},"end":{"line":25,"column":3}},"5":{"start":{"line":26,"column":2},"end":{"line":26,"column":null}},"6":{"start":{"line":30,"column":17},"end":{"line":33,"column":3}},"7":{"start":{"line":34,"column":2},"end":{"line":34,"column":null}}},"fnMap":{"0":{"name":"findProfileRole","decl":{"start":{"line":3,"column":22},"end":{"line":3,"column":37}},"loc":{"start":{"line":3,"column":46},"end":{"line":9,"column":null}},"line":3},"1":{"name":"findUserByUsername","decl":{"start":{"line":11,"column":22},"end":{"line":11,"column":40}},"loc":{"start":{"line":11,"column":51},"end":{"line":17,"column":null}},"line":11},"2":{"name":"createUser","decl":{"start":{"line":19,"column":22},"end":{"line":19,"column":32}},"loc":{"start":{"line":19,"column":39},"end":{"line":27,"column":null}},"line":19},"3":{"name":"findUserById","decl":{"start":{"line":29,"column":22},"end":{"line":29,"column":34}},"loc":{"start":{"line":29,"column":43},"end":{"line":35,"column":null}},"line":29}},"branchMap":{"0":{"loc":{"start":{"line":8,"column":9},"end":{"line":8,"column":31}},"type":"binary-expr","locations":[{"start":{"line":8,"column":9},"end":{"line":8,"column":23}},{"start":{"line":8,"column":27},"end":{"line":8,"column":31}}],"line":8},"1":{"loc":{"start":{"line":16,"column":9},"end":{"line":16,"column":31}},"type":"binary-expr","locations":[{"start":{"line":16,"column":9},"end":{"line":16,"column":23}},{"start":{"line":16,"column":27},"end":{"line":16,"column":31}}],"line":16},"2":{"loc":{"start":{"line":34,"column":9},"end":{"line":34,"column":31}},"type":"binary-expr","locations":[{"start":{"line":34,"column":9},"end":{"line":34,"column":23}},{"start":{"line":34,"column":27},"end":{"line":34,"column":31}}],"line":34}},"s":{"0":0,"1":0,"2":0,"3":0,"4":0,"5":0,"6":0,"7":0},"f":{"0":0,"1":0,"2":0,"3":0},"b":{"0":[0,0],"1":[0,0],"2":[0,0]},"meta":{"lastBranch":3,"lastFunction":4,"lastStatement":8,"seen":{"f:3:22:3:37":0,"s:4:17:7:3":0,"s:8:2:8:Infinity":1,"b:8:9:8:23:8:27:8:31":0,"f:11:22:11:40":1,"s:12:17:15:3":2,"s:16:2:16:Infinity":3,"b:16:9:16:23:16:27:16:31":1,"f:19:22:19:32":2,"s:20:17:25:3":4,"s:26:2:26:Infinity":5,"f:29:22:29:34":3,"s:30:17:33:3":6,"s:34:2:34:Infinity":7,"b:34:9:34:23:34:27:34:31":2},"fnNames":{}}}
,"C:\\Users\\User\\Documents\\TechUp\\FullStack Bootcamp\\personal-project\\music-event-blog-server\\routes\\avatars.mjs": {"path":"C:\\Users\\User\\Documents\\TechUp\\FullStack Bootcamp\\personal-project\\music-event-blog-server\\routes\\avatars.mjs","statementMap":{"0":{"start":{"line":10,"column":22},"end":{"line":10,"column":30}},"1":{"start":{"line":12,"column":0},"end":{"line":18,"column":2}},"2":{"start":{"line":20,"column":0},"end":{"line":20,"column":70}}},"fnMap":{},"branchMap":{},"s":{"0":2,"1":2,"2":2},"f":{},"b":{},"meta":{"lastBranch":0,"lastFunction":0,"lastStatement":3,"seen":{"s:10:22:10:30":0,"s:12:0:18:2":1,"s:20:0:20:70":2},"fnNames":{}}}
,"C:\\Users\\User\\Documents\\TechUp\\FullStack Bootcamp\\personal-project\\music-event-blog-server\\routes\\categories.mjs": {"path":"C:\\Users\\User\\Documents\\TechUp\\FullStack Bootcamp\\personal-project\\music-event-blog-server\\routes\\categories.mjs","statementMap":{"0":{"start":{"line":6,"column":25},"end":{"line":6,"column":33}},"1":{"start":{"line":8,"column":0},"end":{"line":8,"column":61}},"2":{"start":{"line":9,"column":0},"end":{"line":9,"column":76}},"3":{"start":{"line":10,"column":0},"end":{"line":10,"column":88}},"4":{"start":{"line":11,"column":0},"end":{"line":11,"column":89}}},"fnMap":{},"branchMap":{},"s":{"0":2,"1":2,"2":2,"3":2,"4":2},"f":{},"b":{},"meta":{"lastBranch":0,"lastFunction":0,"lastStatement":5,"seen":{"s:6:25:6:33":0,"s:8:0:8:61":1,"s:9:0:9:76":2,"s:10:0:10:88":3,"s:11:0:11:89":4},"fnNames":{}}}
,"C:\\Users\\User\\Documents\\TechUp\\FullStack Bootcamp\\personal-project\\music-event-blog-server\\routes\\notifications.mjs": {"path":"C:\\Users\\User\\Documents\\TechUp\\FullStack Bootcamp\\personal-project\\music-event-blog-server\\routes\\notifications.mjs","statementMap":{"0":{"start":{"line":6,"column":28},"end":{"line":6,"column":36}},"1":{"start":{"line":8,"column":0},"end":{"line":8,"column":null}},"2":{"start":{"line":9,"column":0},"end":{"line":9,"column":null}},"3":{"start":{"line":10,"column":0},"end":{"line":10,"column":null}}},"fnMap":{},"branchMap":{},"s":{"0":2,"1":2,"2":2,"3":2},"f":{},"b":{},"meta":{"lastBranch":0,"lastFunction":0,"lastStatement":4,"seen":{"s:6:28:6:36":0,"s:8:0:8:Infinity":1,"s:9:0:9:Infinity":2,"s:10:0:10:Infinity":3},"fnNames":{}}}
,"C:\\Users\\User\\Documents\\TechUp\\FullStack Bootcamp\\personal-project\\music-event-blog-server\\routes\\posts.mjs": {"path":"C:\\Users\\User\\Documents\\TechUp\\FullStack Bootcamp\\personal-project\\music-event-blog-server\\routes\\posts.mjs","statementMap":{"0":{"start":{"line":9,"column":20},"end":{"line":9,"column":28}},"1":{"start":{"line":11,"column":0},"end":{"line":11,"column":62}},"2":{"start":{"line":12,"column":0},"end":{"line":12,"column":84}},"3":{"start":{"line":13,"column":0},"end":{"line":13,"column":67}},"4":{"start":{"line":14,"column":0},"end":{"line":14,"column":83}},"5":{"start":{"line":15,"column":0},"end":{"line":15,"column":73}},"6":{"start":{"line":16,"column":0},"end":{"line":16,"column":78}},"7":{"start":{"line":17,"column":0},"end":{"line":17,"column":77}},"8":{"start":{"line":18,"column":0},"end":{"line":23,"column":2}},"9":{"start":{"line":24,"column":0},"end":{"line":24,"column":72}}},"fnMap":{},"branchMap":{},"s":{"0":2,"1":2,"2":2,"3":2,"4":2,"5":2,"6":2,"7":2,"8":2,"9":2},"f":{},"b":{},"meta":{"lastBranch":0,"lastFunction":0,"lastStatement":10,"seen":{"s:9:20:9:28":0,"s:11:0:11:62":1,"s:12:0:12:84":2,"s:13:0:13:67":3,"s:14:0:14:83":4,"s:15:0:15:73":5,"s:16:0:16:78":6,"s:17:0:17:77":7,"s:18:0:23:2":8,"s:24:0:24:72":9},"fnNames":{}}}
,"C:\\Users\\User\\Documents\\TechUp\\FullStack Bootcamp\\personal-project\\music-event-blog-server\\services\\avatarService.mjs": {"path":"C:\\Users\\User\\Documents\\TechUp\\FullStack Bootcamp\\personal-project\\music-event-blog-server\\services\\avatarService.mjs","statementMap":{"0":{"start":{"line":7,"column":20},"end":{"line":7,"column":35}},"1":{"start":{"line":10,"column":2},"end":{"line":12,"column":3}},"2":{"start":{"line":11,"column":4},"end":{"line":11,"column":56}},"3":{"start":{"line":14,"column":24},"end":{"line":14,"column":53}},"4":{"start":{"line":15,"column":20},"end":{"line":15,"column":66}},"5":{"start":{"line":16,"column":19},"end":{"line":16,"column":73}},"6":{"start":{"line":17,"column":20},"end":{"line":22,"column":6}},"7":{"start":{"line":24,"column":2},"end":{"line":26,"column":3}},"8":{"start":{"line":25,"column":4},"end":{"line":25,"column":44}},"9":{"start":{"line":28,"column":19},"end":{"line":30,"column":27}},"10":{"start":{"line":32,"column":2},"end":{"line":35,"column":4}},"11":{"start":{"line":39,"column":19},"end":{"line":39,"column":49}},"12":{"start":{"line":41,"column":2},"end":{"line":43,"column":3}},"13":{"start":{"line":42,"column":4},"end":{"line":42,"column":11}},"14":{"start":{"line":45,"column":20},"end":{"line":47,"column":23}},"15":{"start":{"line":49,"column":2},"end":{"line":51,"column":3}},"16":{"start":{"line":50,"column":4},"end":{"line":50,"column":44}},"17":{"start":{"line":55,"column":2},"end":{"line":57,"column":3}},"18":{"start":{"line":56,"column":4},"end":{"line":56,"column":30}},"19":{"start":{"line":59,"column":22},"end":{"line":59,"column":46}},"20":{"start":{"line":60,"column":26},"end":{"line":60,"column":55}},"21":{"start":{"line":62,"column":2},"end":{"line":67,"column":3}},"22":{"start":{"line":63,"column":4},"end":{"line":66,"column":6}},"23":{"start":{"line":69,"column":2},"end":{"line":71,"column":3}},"24":{"start":{"line":70,"column":4},"end":{"line":70,"column":59}},"25":{"start":{"line":73,"column":2},"end":{"line":83,"column":5}},"26":{"start":{"line":87,"column":19},"end":{"line":87,"column":60}},"27":{"start":{"line":89,"column":2},"end":{"line":91,"column":3}},"28":{"start":{"line":90,"column":4},"end":{"line":90,"column":20}},"29":{"start":{"line":93,"column":25},"end":{"line":98,"column":3}},"30":{"start":{"line":100,"column":2},"end":{"line":100,"column":43}},"31":{"start":{"line":104,"column":2},"end":{"line":106,"column":3}},"32":{"start":{"line":105,"column":4},"end":{"line":105,"column":16}},"33":{"start":{"line":108,"column":2},"end":{"line":120,"column":3}},"34":{"start":{"line":109,"column":16},"end":{"line":109,"column":33}},"35":{"start":{"line":110,"column":19},"end":{"line":110,"column":62}},"36":{"start":{"line":111,"column":24},"end":{"line":111,"column":52}},"37":{"start":{"line":113,"column":4},"end":{"line":115,"column":5}},"38":{"start":{"line":114,"column":6},"end":{"line":114,"column":18}},"39":{"start":{"line":117,"column":4},"end":{"line":117,"column":79}},"40":{"start":{"line":119,"column":4},"end":{"line":119,"column":16}}},"fnMap":{"0":{"name":"uploadAvatar","decl":{"start":{"line":9,"column":22},"end":{"line":9,"column":34}},"loc":{"start":{"line":9,"column":62},"end":{"line":36,"column":1}},"line":9},"1":{"name":"deleteAvatar","decl":{"start":{"line":38,"column":22},"end":{"line":38,"column":34}},"loc":{"start":{"line":38,"column":58},"end":{"line":52,"column":1}},"line":38},"2":{"name":"getStorageClient","decl":{"start":{"line":54,"column":9},"end":{"line":54,"column":25}},"loc":{"start":{"line":54,"column":39},"end":{"line":84,"column":1}},"line":54},"3":{"name":"getExtension","decl":{"start":{"line":86,"column":9},"end":{"line":86,"column":21}},"loc":{"start":{"line":86,"column":42},"end":{"line":101,"column":1}},"line":86},"4":{"name":"getManagedAvatarPath","decl":{"start":{"line":103,"column":9},"end":{"line":103,"column":29}},"loc":{"start":{"line":103,"column":40},"end":{"line":121,"column":1}},"line":103}},"branchMap":{"0":{"loc":{"start":{"line":10,"column":2},"end":{"line":12,"column":3}},"type":"if","locations":[{"start":{"line":10,"column":2},"end":{"line":12,"column":3}},{"start":{},"end":{}}],"line":10},"1":{"loc":{"start":{"line":24,"column":2},"end":{"line":26,"column":3}},"type":"if","locations":[{"start":{"line":24,"column":2},"end":{"line":26,"column":3}},{"start":{},"end":{}}],"line":24},"2":{"loc":{"start":{"line":41,"column":2},"end":{"line":43,"column":3}},"type":"if","locations":[{"start":{"line":41,"column":2},"end":{"line":43,"column":3}},{"start":{},"end":{}}],"line":41},"3":{"loc":{"start":{"line":49,"column":2},"end":{"line":51,"column":3}},"type":"if","locations":[{"start":{"line":49,"column":2},"end":{"line":51,"column":3}},{"start":{},"end":{}}],"line":49},"4":{"loc":{"start":{"line":55,"column":2},"end":{"line":57,"column":3}},"type":"if","locations":[{"start":{"line":55,"column":2},"end":{"line":57,"column":3}},{"start":{},"end":{}}],"line":55},"5":{"loc":{"start":{"line":62,"column":2},"end":{"line":67,"column":3}},"type":"if","locations":[{"start":{"line":62,"column":2},"end":{"line":67,"column":3}},{"start":{},"end":{}}],"line":62},"6":{"loc":{"start":{"line":62,"column":6},"end":{"line":62,"column":38}},"type":"binary-expr","locations":[{"start":{"line":62,"column":6},"end":{"line":62,"column":18}},{"start":{"line":62,"column":22},"end":{"line":62,"column":38}}],"line":62},"7":{"loc":{"start":{"line":69,"column":2},"end":{"line":71,"column":3}},"type":"if","locations":[{"start":{"line":69,"column":2},"end":{"line":71,"column":3}},{"start":{},"end":{}}],"line":69},"8":{"loc":{"start":{"line":89,"column":2},"end":{"line":91,"column":3}},"type":"if","locations":[{"start":{"line":89,"column":2},"end":{"line":91,"column":3}},{"start":{},"end":{}}],"line":89},"9":{"loc":{"start":{"line":89,"column":6},"end":{"line":89,"column":53}},"type":"binary-expr","locations":[{"start":{"line":89,"column":6},"end":{"line":89,"column":14}},{"start":{"line":89,"column":18},"end":{"line":89,"column":53}}],"line":89},"10":{"loc":{"start":{"line":100,"column":9},"end":{"line":100,"column":42}},"type":"binary-expr","locations":[{"start":{"line":100,"column":9},"end":{"line":100,"column":33}},{"start":{"line":100,"column":37},"end":{"line":100,"column":42}}],"line":100},"11":{"loc":{"start":{"line":104,"column":2},"end":{"line":106,"column":3}},"type":"if","locations":[{"start":{"line":104,"column":2},"end":{"line":106,"column":3}},{"start":{},"end":{}}],"line":104},"12":{"loc":{"start":{"line":113,"column":4},"end":{"line":115,"column":5}},"type":"if","locations":[{"start":{"line":113,"column":4},"end":{"line":115,"column":5}},{"start":{},"end":{}}],"line":113}},"s":{"0":2,"1":0,"2":0,"3":0,"4":0,"5":0,"6":0,"7":0,"8":0,"9":0,"10":0,"11":0,"12":0,"13":0,"14":0,"15":0,"16":0,"17":0,"18":0,"19":0,"20":0,"21":0,"22":0,"23":0,"24":0,"25":0,"26":0,"27":0,"28":0,"29":0,"30":0,"31":0,"32":0,"33":0,"34":0,"35":0,"36":0,"37":0,"38":0,"39":0,"40":0},"f":{"0":0,"1":0,"2":0,"3":0,"4":0},"b":{"0":[0,0],"1":[0,0],"2":[0,0],"3":[0,0],"4":[0,0],"5":[0,0],"6":[0,0],"7":[0,0],"8":[0,0],"9":[0,0],"10":[0,0],"11":[0,0],"12":[0,0]},"meta":{"lastBranch":13,"lastFunction":5,"lastStatement":41,"seen":{"s:7:20:7:35":0,"f:9:22:9:34":0,"b:10:2:12:3:undefined:undefined:undefined:undefined":0,"s:10:2:12:3":1,"s:11:4:11:56":2,"s:14:24:14:53":3,"s:15:20:15:66":4,"s:16:19:16:73":5,"s:17:20:22:6":6,"b:24:2:26:3:undefined:undefined:undefined:undefined":1,"s:24:2:26:3":7,"s:25:4:25:44":8,"s:28:19:30:27":9,"s:32:2:35:4":10,"f:38:22:38:34":1,"s:39:19:39:49":11,"b:41:2:43:3:undefined:undefined:undefined:undefined":2,"s:41:2:43:3":12,"s:42:4:42:11":13,"s:45:20:47:23":14,"b:49:2:51:3:undefined:undefined:undefined:undefined":3,"s:49:2:51:3":15,"s:50:4:50:44":16,"f:54:9:54:25":2,"b:55:2:57:3:undefined:undefined:undefined:undefined":4,"s:55:2:57:3":17,"s:56:4:56:30":18,"s:59:22:59:46":19,"s:60:26:60:55":20,"b:62:2:67:3:undefined:undefined:undefined:undefined":5,"s:62:2:67:3":21,"b:62:6:62:18:62:22:62:38":6,"s:63:4:66:6":22,"b:69:2:71:3:undefined:undefined:undefined:undefined":7,"s:69:2:71:3":23,"s:70:4:70:59":24,"s:73:2:83:5":25,"f:86:9:86:21":3,"s:87:19:87:60":26,"b:89:2:91:3:undefined:undefined:undefined:undefined":8,"s:89:2:91:3":27,"b:89:6:89:14:89:18:89:53":9,"s:90:4:90:20":28,"s:93:25:98:3":29,"s:100:2:100:43":30,"b:100:9:100:33:100:37:100:42":10,"f:103:9:103:29":4,"b:104:2:106:3:undefined:undefined:undefined:undefined":11,"s:104:2:106:3":31,"s:105:4:105:16":32,"s:108:2:120:3":33,"s:109:16:109:33":34,"s:110:19:110:62":35,"s:111:24:111:52":36,"b:113:4:115:5:undefined:undefined:undefined:undefined":12,"s:113:4:115:5":37,"s:114:6:114:18":38,"s:117:4:117:79":39,"s:119:4:119:16":40},"fnNames":{}}}
,"C:\\Users\\User\\Documents\\TechUp\\FullStack Bootcamp\\personal-project\\music-event-blog-server\\services\\categoryService.mjs": {"path":"C:\\Users\\User\\Documents\\TechUp\\FullStack Bootcamp\\personal-project\\music-event-blog-server\\services\\categoryService.mjs","statementMap":{"0":{"start":{"line":6,"column":21},"end":{"line":6,"column":65}},"1":{"start":{"line":7,"column":2},"end":{"line":7,"column":null}},"2":{"start":{"line":11,"column":15},"end":{"line":11,"column":35}},"3":{"start":{"line":13,"column":2},"end":{"line":15,"column":null}},"4":{"start":{"line":14,"column":4},"end":{"line":14,"column":null}},"5":{"start":{"line":17,"column":20},"end":{"line":17,"column":72}},"6":{"start":{"line":19,"column":2},"end":{"line":21,"column":null}},"7":{"start":{"line":20,"column":4},"end":{"line":20,"column":null}},"8":{"start":{"line":23,"column":19},"end":{"line":23,"column":64}},"9":{"start":{"line":24,"column":2},"end":{"line":24,"column":null}},"10":{"start":{"line":28,"column":21},"end":{"line":28,"column":42}},"11":{"start":{"line":29,"column":15},"end":{"line":29,"column":35}},"12":{"start":{"line":31,"column":2},"end":{"line":33,"column":null}},"13":{"start":{"line":32,"column":4},"end":{"line":32,"column":null}},"14":{"start":{"line":35,"column":2},"end":{"line":37,"column":null}},"15":{"start":{"line":36,"column":4},"end":{"line":36,"column":null}},"16":{"start":{"line":39,"column":20},"end":{"line":42,"column":3}},"17":{"start":{"line":44,"column":2},"end":{"line":46,"column":null}},"18":{"start":{"line":45,"column":4},"end":{"line":45,"column":null}},"19":{"start":{"line":48,"column":19},"end":{"line":48,"column":76}},"20":{"start":{"line":50,"column":2},"end":{"line":52,"column":null}},"21":{"start":{"line":51,"column":4},"end":{"line":51,"column":null}},"22":{"start":{"line":54,"column":2},"end":{"line":54,"column":null}},"23":{"start":{"line":58,"column":21},"end":{"line":58,"column":42}},"24":{"start":{"line":60,"column":2},"end":{"line":62,"column":null}},"25":{"start":{"line":61,"column":4},"end":{"line":61,"column":null}},"26":{"start":{"line":64,"column":21},"end":{"line":64,"column":81}},"27":{"start":{"line":66,"column":2},"end":{"line":71,"column":null}},"28":{"start":{"line":67,"column":4},"end":{"line":70,"column":null}},"29":{"start":{"line":73,"column":18},"end":{"line":73,"column":69}},"30":{"start":{"line":75,"column":2},"end":{"line":77,"column":null}},"31":{"start":{"line":76,"column":4},"end":{"line":76,"column":null}}},"fnMap":{"0":{"name":"listCategories","decl":{"start":{"line":5,"column":22},"end":{"line":5,"column":36}},"loc":{"start":{"line":5,"column":39},"end":{"line":8,"column":null}},"line":5},"1":{"name":"createCategory","decl":{"start":{"line":10,"column":22},"end":{"line":10,"column":36}},"loc":{"start":{"line":10,"column":48},"end":{"line":25,"column":null}},"line":10},"2":{"name":"updateCategory","decl":{"start":{"line":27,"column":22},"end":{"line":27,"column":36}},"loc":{"start":{"line":27,"column":65},"end":{"line":55,"column":null}},"line":27},"3":{"name":"removeCategory","decl":{"start":{"line":57,"column":22},"end":{"line":57,"column":36}},"loc":{"start":{"line":57,"column":54},"end":{"line":78,"column":null}},"line":57}},"branchMap":{"0":{"loc":{"start":{"line":13,"column":2},"end":{"line":15,"column":null}},"type":"if","locations":[{"start":{"line":13,"column":2},"end":{"line":15,"column":null}},{"start":{},"end":{}}],"line":13},"1":{"loc":{"start":{"line":19,"column":2},"end":{"line":21,"column":null}},"type":"if","locations":[{"start":{"line":19,"column":2},"end":{"line":21,"column":null}},{"start":{},"end":{}}],"line":19},"2":{"loc":{"start":{"line":31,"column":2},"end":{"line":33,"column":null}},"type":"if","locations":[{"start":{"line":31,"column":2},"end":{"line":33,"column":null}},{"start":{},"end":{}}],"line":31},"3":{"loc":{"start":{"line":35,"column":2},"end":{"line":37,"column":null}},"type":"if","locations":[{"start":{"line":35,"column":2},"end":{"line":37,"column":null}},{"start":{},"end":{}}],"line":35},"4":{"loc":{"start":{"line":44,"column":2},"end":{"line":46,"column":null}},"type":"if","locations":[{"start":{"line":44,"column":2},"end":{"line":46,"column":null}},{"start":{},"end":{}}],"line":44},"5":{"loc":{"start":{"line":50,"column":2},"end":{"line":52,"column":null}},"type":"if","locations":[{"start":{"line":50,"column":2},"end":{"line":52,"column":null}},{"start":{},"end":{}}],"line":50},"6":{"loc":{"start":{"line":60,"column":2},"end":{"line":62,"column":null}},"type":"if","locations":[{"start":{"line":60,"column":2},"end":{"line":62,"column":null}},{"start":{},"end":{}}],"line":60},"7":{"loc":{"start":{"line":66,"column":2},"end":{"line":71,"column":null}},"type":"if","locations":[{"start":{"line":66,"column":2},"end":{"line":71,"column":null}},{"start":{},"end":{}}],"line":66},"8":{"loc":{"start":{"line":75,"column":2},"end":{"line":77,"column":null}},"type":"if","locations":[{"start":{"line":75,"column":2},"end":{"line":77,"column":null}},{"start":{},"end":{}}],"line":75}},"s":{"0":0,"1":0,"2":0,"3":0,"4":0,"5":0,"6":0,"7":0,"8":0,"9":0,"10":0,"11":0,"12":0,"13":0,"14":0,"15":0,"16":0,"17":0,"18":0,"19":0,"20":0,"21":0,"22":0,"23":0,"24":0,"25":0,"26":0,"27":0,"28":0,"29":0,"30":0,"31":0},"f":{"0":0,"1":0,"2":0,"3":0},"b":{"0":[0,0],"1":[0,0],"2":[0,0],"3":[0,0],"4":[0,0],"5":[0,0],"6":[0,0],"7":[0,0],"8":[0,0]},"meta":{"lastBranch":9,"lastFunction":4,"lastStatement":32,"seen":{"f:5:22:5:36":0,"s:6:21:6:65":0,"s:7:2:7:Infinity":1,"f:10:22:10:36":1,"s:11:15:11:35":2,"b:13:2:15:Infinity:undefined:undefined:undefined:undefined":0,"s:13:2:15:Infinity":3,"s:14:4:14:Infinity":4,"s:17:20:17:72":5,"b:19:2:21:Infinity:undefined:undefined:undefined:undefined":1,"s:19:2:21:Infinity":6,"s:20:4:20:Infinity":7,"s:23:19:23:64":8,"s:24:2:24:Infinity":9,"f:27:22:27:36":2,"s:28:21:28:42":10,"s:29:15:29:35":11,"b:31:2:33:Infinity:undefined:undefined:undefined:undefined":2,"s:31:2:33:Infinity":12,"s:32:4:32:Infinity":13,"b:35:2:37:Infinity:undefined:undefined:undefined:undefined":3,"s:35:2:37:Infinity":14,"s:36:4:36:Infinity":15,"s:39:20:42:3":16,"b:44:2:46:Infinity:undefined:undefined:undefined:undefined":4,"s:44:2:46:Infinity":17,"s:45:4:45:Infinity":18,"s:48:19:48:76":19,"b:50:2:52:Infinity:undefined:undefined:undefined:undefined":5,"s:50:2:52:Infinity":20,"s:51:4:51:Infinity":21,"s:54:2:54:Infinity":22,"f:57:22:57:36":3,"s:58:21:58:42":23,"b:60:2:62:Infinity:undefined:undefined:undefined:undefined":6,"s:60:2:62:Infinity":24,"s:61:4:61:Infinity":25,"s:64:21:64:81":26,"b:66:2:71:Infinity:undefined:undefined:undefined:undefined":7,"s:66:2:71:Infinity":27,"s:67:4:70:Infinity":28,"s:73:18:73:69":29,"b:75:2:77:Infinity:undefined:undefined:undefined:undefined":8,"s:75:2:77:Infinity":30,"s:76:4:76:Infinity":31},"fnNames":{}}}
[...]
"line":236,"column":null}},{"start":{},"end":{}}],"line":229},"30":{"loc":{"start":{"line":229,"column":8},"end":{"line":229,"column":42}},"type":"binary-expr","locations":[{"start":{"line":229,"column":8},"end":{"line":229,"column":13}},{"start":{"line":229,"column":17},"end":{"line":229,"column":42}}],"line":229},"31":{"loc":{"start":{"line":257,"column":2},"end":{"line":259,"column":null}},"type":"if","locations":[{"start":{"line":257,"column":2},"end":{"line":259,"column":null}},{"start":{},"end":{}}],"line":257},"32":{"loc":{"start":{"line":268,"column":4},"end":{"line":270,"column":null}},"type":"if","locations":[{"start":{"line":268,"column":4},"end":{"line":270,"column":null}},{"start":{},"end":{}}],"line":268},"33":{"loc":{"start":{"line":274,"column":4},"end":{"line":281,"column":null}},"type":"if","locations":[{"start":{"line":274,"column":4},"end":{"line":281,"column":null}},{"start":{},"end":{}}],"line":274},"34":{"loc":{"start":{"line":301,"column":25},"end":{"line":301,"column":43}},"type":"binary-expr","locations":[{"start":{"line":301,"column":25},"end":{"line":301,"column":37}},{"start":{"line":301,"column":41},"end":{"line":301,"column":43}}],"line":301},"35":{"loc":{"start":{"line":303,"column":2},"end":{"line":305,"column":null}},"type":"if","locations":[{"start":{"line":303,"column":2},"end":{"line":305,"column":null}},{"start":{},"end":{}}],"line":303},"36":{"loc":{"start":{"line":307,"column":2},"end":{"line":309,"column":null}},"type":"if","locations":[{"start":{"line":307,"column":2},"end":{"line":309,"column":null}},{"start":{},"end":{}}],"line":307},"37":{"loc":{"start":{"line":311,"column":2},"end":{"line":313,"column":null}},"type":"if","locations":[{"start":{"line":311,"column":2},"end":{"line":313,"column":null}},{"start":{},"end":{}}],"line":311},"38":{"loc":{"start":{"line":322,"column":4},"end":{"line":324,"column":null}},"type":"if","locations":[{"start":{"line":322,"column":4},"end":{"line":324,"column":null}},{"start":{},"end":{}}],"line":322},"39":{"loc":{"start":{"line":333,"column":4},"end":{"line":341,"column":null}},"type":"if","locations":[{"start":{"line":333,"column":4},"end":{"line":341,"column":null}},{"start":{},"end":{}}],"line":333}},"s":{"0":0,"1":0,"2":0,"3":0,"4":0,"5":0,"6":0,"7":0,"8":0,"9":0,"10":0,"11":0,"12":0,"13":0,"14":0,"15":0,"16":0,"17":0,"18":0,"19":0,"20":0,"21":0,"22":0,"23":0,"24":0,"25":0,"26":0,"27":0,"28":0,"29":0,"30":0,"31":0,"32":0,"33":0,"34":0,"35":0,"36":0,"37":0,"38":0,"39":0,"40":0,"41":0,"42":0,"43":0,"44":0,"45":0,"46":0,"47":0,"48":0,"49":0,"50":0,"51":0,"52":0,"53":0,"54":0,"55":0,"56":0,"57":0,"58":0,"59":0,"60":0,"61":0,"62":0,"63":0,"64":0,"65":0,"66":0,"67":0,"68":0,"69":0,"70":0,"71":0,"72":0,"73":0,"74":0,"75":0,"76":0,"77":0,"78":0,"79":0,"80":0,"81":0,"82":0,"83":0,"84":0,"85":0,"86":0,"87":0,"88":0,"89":0,"90":0,"91":0,"92":0,"93":0,"94":0,"95":0,"96":0,"97":0,"98":0,"99":0,"100":0,"101":0,"102":0,"103":0,"104":0,"105":0,"106":0,"107":0,"108":0,"109":0,"110":0,"111":0,"112":0,"113":0,"114":0,"115":0,"116":0,"117":0,"118":0,"119":0,"120":0,"121":0,"122":0,"123":0,"124":0,"125":0,"126":0,"127":0,"128":0,"129":0,"130":0,"131":0,"132":0,"133":0,"134":0,"135":0,"136":0,"137":0,"138":0,"139":0,"140":0,"141":0,"142":0,"143":0,"144":0,"145":0,"146":0,"147":0,"148":0,"149":0,"150":0,"151":0},"f":{"0":0,"1":0,"2":0,"3":0,"4":0,"5":0,"6":0,"7":0,"8":0,"9":0,"10":0},"b":{"0":[0,0,0],"1":[0,0],"2":[0,0],"3":[0,0],"4":[0,0],"5":[0,0],"6":[0,0],"7":[0,0],"8":[0,0],"9":[0,0],"10":[0,0],"11":[0,0],"12":[0,0,0],"13":[0,0],"14":[0,0],"15":[0,0],"16":[0,0,0],"17":[0,0],"18":[0,0],"19":[0,0],"20":[0,0],"21":[0,0],"22":[0,0],"23":[0,0],"24":[0,0],"25":[0,0],"26":[0,0],"27":[0,0],"28":[0,0],"29":[0,0],"30":[0,0],"31":[0,0],"32":[0,0],"33":[0,0],"34":[0,0],"35":[0,0],"36":[0,0],"37":[0,0],"38":[0,0],"39":[0,0]},"meta":{"lastBranch":40,"lastFunction":11,"lastStatement":152,"seen":{"f:6:9:6:25":0,"s:7:15:7:47":0,"s:8:16:8:64":1,"s:9:17:9:35":2,"s:10:17:10:67":3,"b:10:24:10:36:10:40:10:53:10:57:10:59":0,"s:11:19:11:54":4,"b:11:26:11:40:11:44:11:46":1,"s:12:21:12:45":5,"s:13:26:13:73":6,"b:13:33:13:45:13:49:13:51":2,"s:14:17:14:78":7,"b:14:51:14:60:14:63:14:78":3,"s:15:24:15:46":8,"s:16:21:16:23":9,"s:17:17:17:19":10,"b:19:2:25:Infinity:22:9:25:Infinity":4,"s:19:2:25:Infinity":11,"s:20:4:20:Infinity":12,"s:21:4:21:Infinity":13,"b:22:9:25:Infinity:undefined:undefined:undefined:undefined":5,"s:22:9:25:Infinity":14,"s:23:4:23:Infinity":15,"s:24:4:24:Infinity":16,"b:27:2:33:Infinity:30:9:33:Infinity":6,"s:27:2:33:Infinity":17,"b:27:6:27:34:27:38:27:52":7,"s:28:4:28:Infinity":18,"s:29:4:29:Infinity":19,"b:30:9:33:Infinity:undefined:undefined:undefined:undefined":8,"s:30:9:33:Infinity":20,"s:31:4:31:Infinity":21,"s:32:4:32:Infinity":22,"b:35:2:40:Infinity:undefined:undefined:undefined:undefined":9,"s:35:2:40:Infinity":23,"s:36:4:36:Infinity":24,"s:37:4:39:Infinity":25,"s:43:4:43:68":26,"b:43:28:43:63:43:66:43:68":10,"s:45:2:45:Infinity":27,"f:48:9:48:26":1,"b:49:2:51:Infinity:undefined:undefined:undefined:undefined":11,"s:49:2:51:Infinity":28,"b:49:6:49:11:49:16:49:39:49:43:49:65":12,"s:50:4:50:Infinity":29,"f:54:22:54:31":2,"s:55:55:58:3":30,"s:59:21:59:73":31,"s:60:21:60:50":32,"s:61:16:66:3":33,"s:68:2:76:Infinity":34,"b:74:34:74:42:74:45:74:49":13,"f:79:22:79:37":3,"s:80:17:80:34":35,"b:82:2:84:Infinity:undefined:undefined:undefined:undefined":14,"s:82:2:84:Infinity":36,"s:83:4:83:Infinity":37,"s:86:15:86:58":38,"b:88:2:90:Infinity:undefined:undefined:undefined:undefined":15,"s:88:2:90:Infinity":39,"b:88:6:88:11:88:16:88:39:88:43:88:65":16,"s:89:4:89:Infinity":40,"s:92:19:92:68":41,"s:93:2:93:Infinity":42,"f:96:22:96:29":4,"s:97:17:97:34":43,"b:99:2:101:Infinity:undefined:undefined:undefined:undefined":17,"s:99:2:101:Infinity":44,"s:100:4:100:Infinity":45,"s:103:15:103:56":46,"s:104:2:104:Infinity":47,"s:106:2:106:Infinity":48,"b:108:2:110:Infinity:undefined:undefined:undefined:undefined":18,"s:108:2:110:Infinity":49,"s:109:4:109:Infinity":50,"s:112:2:112:Infinity":51,"f:115:22:115:32":5,"s:116:17:116:47":52,"s:118:2:149:Infinity":53,"s:119:4:119:Infinity":54,"s:121:27:124:5":55,"s:125:19:125:77":56,"b:127:4:129:Infinity:undefined:undefined:undefined:undefined":19,"s:127:4:129:Infinity":57,"s:128:6:128:Infinity":58,"b:131:4:133:Infinity:undefined:undefined:undefined:undefined":20,"s:131:4:133:Infinity":59,"s:132:6:132:Infinity":60,"s:135:19:139:6":61,"s:140:17:140:66":62,"s:142:4:142:Infinity":63,"s:143:4:143:Infinity":64,"s:145:4:145:Infinity":65,"s:146:4:146:Infinity":66,"s:148:4:148:Infinity":67,"f:152:22:152:32":6,"s:153:17:153:34":68,"b:155:2:157:Infinity:undefined:undefined:undefined:undefined":21,"s:155:2:157:Infinity":69,"s:156:4:156:Infinity":70,"s:159:17:159:47":71,"s:161:2:192:Infinity":72,"s:162:4:162:Infinity":73,"s:164:27:167:5":74,"s:168:19:168:77":75,"b:170:4:172:Infinity:undefined:undefined:undefined:undefined":22,"s:170:4:172:Infinity":76,"b:170:8:170:23:170:27:170:34":23,"s:171:6:171:Infinity":77,"s:174:20:177:6":78,"b:179:4:181:Infinity:undefined:undefined:undefined:undefined":24,"s:179:4:181:Infinity":79,"s:180:6:180:Infinity":80,"s:183:17:183:66":81,"s:185:4:185:Infinity":82,"s:186:4:186:Infinity":83,"s:188:4:188:Infinity":84,"s:189:4:189:Infinity":85,"s:191:4:191:Infinity":86,"f:195:22:195:32":7,"s:196:17:196:34":87,"b:198:2:200:Infinity:undefined:undefined:undefined:undefined":25,"s:198:2:200:Infinity":88,"s:199:4:199:Infinity":89,"s:202:18:202:57":90,"b:204:2:206:Infinity:undefined:undefined:undefined:undefined":26,"s:204:2:206:Infinity":91,"s:205:4:205:Infinity":92,"f:209:22:209:30":8,"s:210:17:210:34":93,"b:212:2:214:Infinity:undefined:undefined:undefined:undefined":27,"s:212:2:214:Infinity":94,"s:213:4:213:Infinity":95,"s:216:17:216:47":96,"s:218:2:251:Infinity":97,"s:219:4:219:Infinity":98,"s:221:17:221:69":99,"b:223:4:225:Infinity:undefined:undefined:undefined:undefined":28,"s:223:4:225:Infinity":100,"s:224:6:224:Infinity":101,"s:227:18:227:73":102,"b:229:4:236:Infinity:undefined:undefined:undefined:undefined":29,"s:229:4:236:Infinity":103,"b:229:8:229:13:229:17:229:42":30,"s:230:6:235:Infinity":104,"s:238:18:238:68":105,"s:240:4:240:Infinity":106,"s:241:4:245:Infinity":107,"s:247:4:247:Infinity":108,"s:248:4:248:Infinity":109,"s:250:4:250:Infinity":110,"f:254:22:254:32":9,"s:255:17:255:34":111,"b:257:2:259:Infinity:undefined:undefined:undefined:undefined":31,"s:257:2:259:Infinity":112,"s:258:4:258:Infinity":113,"s:261:17:261:47":114,"s:263:2:296:Infinity":115,"s:264:4:264:Infinity":116,"s:266:17:266:77":117,"b:268:4:270:Infinity:undefined:undefined:undefined:undefined":32,"s:268:4:270:Infinity":118,"s:269:6:269:Infinity":119,"s:272:20:272:75":120,"b:274:4:281:Infinity:undefined:undefined:undefined:undefined":33,"s:274:4:281:Infinity":121,"s:275:6:280:Infinity":122,"s:283:18:283:68":123,"s:285:4:285:Infinity":124,"s:286:4:290:Infinity":125,"s:292:4:292:Infinity":126,"s:293:4:293:Infinity":127,"s:295:4:295:Infinity":128,"f:299:22:299:32":10,"s:300:17:300:34":129,"s:301:18:301:51":130,"b:301:25:301:37:301:41:301:43":34,"b:303:2:305:Infinity:undefined:undefined:undefined:undefined":35,"s:303:2:305:Infinity":131,"s:304:4:304:Infinity":132,"b:307:2:309:Infinity:undefined:undefined:undefined:undefined":36,"s:307:2:309:Infinity":133,"s:308:4:308:Infinity":134,"b:311:2:313:Infinity:undefined:undefined:undefined:undefined":37,"s:311:2:313:Infinity":135,"s:312:4:312:Infinity":136,"s:315:17:315:47":137,"s:317:2:352:Infinity":138,"s:318:4:318:Infinity":139,"s:320:17:320:81":140,"b:322:4:324:Infinity:undefined:undefined:undefined:undefined":38,"s:322:4:324:Infinity":141,"s:323:6:323:Infinity":142,"s:326:22:331:5":143,"b:333:4:341:Infinity:undefined:undefined:undefined:undefined":39,"s:333:4:341:Infinity":144,"s:334:6:340:Infinity":145,"s:343:20:343:67":146,"s:345:4:345:Infinity":147,"s:346:4:346:Infinity":148,"s:348:4:348:Infinity":149,"s:349:4:349:Infinity":150,"s:351:4:351:Infinity":151},"fnNames":{}}}
,"C:\\Users\\User\\Documents\\TechUp\\FullStack Bootcamp\\personal-project\\music-event-blog-server\\utils\\db.mjs": {"path":"C:\\Users\\User\\Documents\\TechUp\\FullStack Bootcamp\\personal-project\\music-event-blog-server\\utils\\db.mjs","statementMap":{"0":{"start":{"line":2,"column":17},"end":{"line":2,"column":27}},"1":{"start":{"line":5,"column":2},"end":{"line":5,"column":59}},"2":{"start":{"line":7,"column":0},"end":{"line":9,"column":null}},"3":{"start":{"line":8,"column":2},"end":{"line":8,"column":null}},"4":{"start":{"line":12,"column":2},"end":{"line":13,"column":40}},"5":{"start":{"line":17,"column":23},"end":{"line":25,"column":2}}},"fnMap":{},"branchMap":{"0":{"loc":{"start":{"line":5,"column":2},"end":{"line":5,"column":59}},"type":"binary-expr","locations":[{"start":{"line":5,"column":2},"end":{"line":5,"column":26}},{"start":{"line":5,"column":30},"end":{"line":5,"column":59}}],"line":5},"1":{"loc":{"start":{"line":7,"column":0},"end":{"line":9,"column":null}},"type":"if","locations":[{"start":{"line":7,"column":0},"end":{"line":9,"column":null}},{"start":{},"end":{}}],"line":7},"2":{"loc":{"start":{"line":12,"column":2},"end":{"line":13,"column":40}},"type":"binary-expr","locations":[{"start":{"line":12,"column":2},"end":{"line":12,"column":40}},{"start":{"line":13,"column":2},"end":{"line":13,"column":40}}],"line":12},"3":{"loc":{"start":{"line":19,"column":7},"end":{"line":24,"column":7}},"type":"cond-expr","locations":[{"start":{"line":20,"column":6},"end":{"line":20,"column":null}},{"start":{"line":21,"column":6},"end":{"line":24,"column":7}}],"line":19}},"s":{"0":2,"1":2,"2":2,"3":0,"4":2,"5":2},"f":{},"b":{"0":[2,2],"1":[0,2],"2":[2,2],"3":[0,2]},"meta":{"lastBranch":4,"lastFunction":0,"lastStatement":6,"seen":{"s:2:17:2:27":0,"s:5:2:5:59":1,"b:5:2:5:26:5:30:5:59":0,"b:7:0:9:Infinity:undefined:undefined:undefined:undefined":1,"s:7:0:9:Infinity":2,"s:8:2:8:Infinity":3,"s:12:2:13:40":4,"b:12:2:12:40:13:2:13:40":2,"s:17:23:25:2":5,"b:20:6:20:Infinity:21:6:24:7":3},"fnNames":{}}}
,"C:\\Users\\User\\Documents\\TechUp\\FullStack Bootcamp\\personal-project\\music-event-blog-server\\utils\\httpError.mjs": {"path":"C:\\Users\\User\\Documents\\TechUp\\FullStack Bootcamp\\personal-project\\music-event-blog-server\\utils\\httpError.mjs","statementMap":{"0":{"start":{"line":3,"column":4},"end":{"line":3,"column":null}},"1":{"start":{"line":4,"column":4},"end":{"line":4,"column":null}},"2":{"start":{"line":9,"column":2},"end":{"line":11,"column":null}},"3":{"start":{"line":10,"column":4},"end":{"line":10,"column":null}},"4":{"start":{"line":13,"column":2},"end":{"line":13,"column":null}},"5":{"start":{"line":14,"column":2},"end":{"line":14,"column":null}}},"fnMap":{"0":{"name":"constructor","decl":{"start":{"line":2,"column":2},"end":{"line":2,"column":13}},"loc":{"start":{"line":2,"column":31},"end":{"line":5,"column":null}},"line":2},"1":{"name":"sendControllerError","decl":{"start":{"line":8,"column":16},"end":{"line":8,"column":35}},"loc":{"start":{"line":8,"column":65},"end":{"line":15,"column":null}},"line":8}},"branchMap":{"0":{"loc":{"start":{"line":9,"column":2},"end":{"line":11,"column":null}},"type":"if","locations":[{"start":{"line":9,"column":2},"end":{"line":11,"column":null}},{"start":{},"end":{}}],"line":9}},"s":{"0":0,"1":0,"2":0,"3":0,"4":0,"5":0},"f":{"0":0,"1":0},"b":{"0":[0,0]},"meta":{"lastBranch":1,"lastFunction":2,"lastStatement":6,"seen":{"f:2:2:2:13":0,"s:3:4:3:Infinity":0,"s:4:4:4:Infinity":1,"f:8:16:8:35":1,"b:9:2:11:Infinity:undefined:undefined:undefined:undefined":0,"s:9:2:11:Infinity":2,"s:10:4:10:Infinity":3,"s:13:2:13:Infinity":4,"s:14:2:14:Infinity":5},"fnNames":{}}}
,"C:\\Users\\User\\Documents\\TechUp\\FullStack Bootcamp\\personal-project\\music-event-blog-server\\utils\\parseParams.mjs": {"path":"C:\\Users\\User\\Documents\\TechUp\\FullStack Bootcamp\\personal-project\\music-event-blog-server\\utils\\parseParams.mjs","statementMap":{"0":{"start":{"line":2,"column":17},"end":{"line":2,"column":30}},"1":{"start":{"line":3,"column":2},"end":{"line":3,"column":null}},"2":{"start":{"line":7,"column":17},"end":{"line":7,"column":30}},"3":{"start":{"line":8,"column":2},"end":{"line":8,"column":null}},"4":{"start":{"line":12,"column":2},"end":{"line":12,"column":null}}},"fnMap":{"0":{"name":"toPositiveInteger","decl":{"start":{"line":1,"column":16},"end":{"line":1,"column":33}},"loc":{"start":{"line":1,"column":51},"end":{"line":4,"column":null}},"line":1},"1":{"name":"toId","decl":{"start":{"line":6,"column":16},"end":{"line":6,"column":20}},"loc":{"start":{"line":6,"column":28},"end":{"line":9,"column":null}},"line":6},"2":{"name":"cleanName","decl":{"start":{"line":11,"column":16},"end":{"line":11,"column":25}},"loc":{"start":{"line":11,"column":33},"end":{"line":13,"column":null}},"line":11}},"branchMap":{"0":{"loc":{"start":{"line":3,"column":9},"end":{"line":3,"column":67}},"type":"cond-expr","locations":[{"start":{"line":3,"column":50},"end":{"line":3,"column":56}},{"start":{"line":3,"column":59},"end":{"line":3,"column":67}}],"line":3},"1":{"loc":{"start":{"line":3,"column":9},"end":{"line":3,"column":47}},"type":"binary-expr","locations":[{"start":{"line":3,"column":9},"end":{"line":3,"column":33}},{"start":{"line":3,"column":37},"end":{"line":3,"column":47}}],"line":3},"2":{"loc":{"start":{"line":8,"column":9},"end":{"line":8,"column":63}},"type":"cond-expr","locations":[{"start":{"line":8,"column":50},"end":{"line":8,"column":56}},{"start":{"line":8,"column":59},"end":{"line":8,"column":63}}],"line":8},"3":{"loc":{"start":{"line":8,"column":9},"end":{"line":8,"column":47}},"type":"binary-expr","locations":[{"start":{"line":8,"column":9},"end":{"line":8,"column":33}},{"start":{"line":8,"column":37},"end":{"line":8,"column":47}}],"line":8},"4":{"loc":{"start":{"line":12,"column":9},"end":{"line":12,"column":54}},"type":"cond-expr","locations":[{"start":{"line":12,"column":37},"end":{"line":12,"column":49}},{"start":{"line":12,"column":52},"end":{"line":12,"column":54}}],"line":12}},"s":{"0":0,"1":0,"2":0,"3":0,"4":0},"f":{"0":0,"1":0,"2":0},"b":{"0":[0,0],"1":[0,0],"2":[0,0],"3":[0,0],"4":[0,0]},"meta":{"lastBranch":5,"lastFunction":3,"lastStatement":5,"seen":{"f:1:16:1:33":0,"s:2:17:2:30":0,"s:3:2:3:Infinity":1,"b:3:50:3:56:3:59:3:67":0,"b:3:9:3:33:3:37:3:47":1,"f:6:16:6:20":1,"s:7:17:7:30":2,"s:8:2:8:Infinity":3,"b:8:50:8:56:8:59:8:63":2,"b:8:9:8:33:8:37:8:47":3,"f:11:16:11:25":2,"s:12:2:12:Infinity":4,"b:12:37:12:49:12:52:12:54":4},"fnNames":{}}}
,"C:\\Users\\User\\Documents\\TechUp\\FullStack Bootcamp\\personal-project\\music-event-blog-server\\utils\\supabase.mjs": {"path":"C:\\Users\\User\\Documents\\TechUp\\FullStack Bootcamp\\personal-project\\music-event-blog-server\\utils\\supabase.mjs","statementMap":{"0":{"start":{"line":3,"column":20},"end":{"line":3,"column":44}},"1":{"start":{"line":4,"column":24},"end":{"line":4,"column":53}},"2":{"start":{"line":6,"column":0},"end":{"line":8,"column":null}},"3":{"start":{"line":7,"column":2},"end":{"line":7,"column":null}},"4":{"start":{"line":10,"column":17},"end":{"line":15,"column":2}}},"fnMap":{},"branchMap":{"0":{"loc":{"start":{"line":6,"column":0},"end":{"line":8,"column":null}},"type":"if","locations":[{"start":{"line":6,"column":0},"end":{"line":8,"column":null}},{"start":{},"end":{}}],"line":6},"1":{"loc":{"start":{"line":6,"column":4},"end":{"line":6,"column":36}},"type":"binary-expr","locations":[{"start":{"line":6,"column":4},"end":{"line":6,"column":16}},{"start":{"line":6,"column":20},"end":{"line":6,"column":36}}],"line":6}},"s":{"0":2,"1":2,"2":2,"3":0,"4":2},"f":{},"b":{"0":[0,2],"1":[2,2]},"meta":{"lastBranch":2,"lastFunction":0,"lastStatement":5,"seen":{"s:3:20:3:44":0,"s:4:24:4:53":1,"b:6:0:8:Infinity:undefined:undefined:undefined:undefined":0,"s:6:0:8:Infinity":2,"b:6:4:6:16:6:20:6:36":1,"s:7:2:7:Infinity":3,"s:10:17:15:2":4},"fnNames":{}}}
,"C:\\Users\\User\\Documents\\TechUp\\FullStack Bootcamp\\personal-project\\music-event-blog-server\\utils\\supabaseAdmin.mjs": {"path":"C:\\Users\\User\\Documents\\TechUp\\FullStack Bootcamp\\personal-project\\music-event-blog-server\\utils\\supabaseAdmin.mjs","statementMap":{"0":{"start":{"line":6,"column":2},"end":{"line":8,"column":3}},"1":{"start":{"line":7,"column":4},"end":{"line":7,"column":25}},"2":{"start":{"line":10,"column":22},"end":{"line":10,"column":46}},"3":{"start":{"line":11,"column":25},"end":{"line":11,"column":62}},"4":{"start":{"line":13,"column":2},"end":{"line":15,"column":3}},"5":{"start":{"line":14,"column":4},"end":{"line":14,"column":79}},"6":{"start":{"line":17,"column":2},"end":{"line":22,"column":5}},"7":{"start":{"line":24,"column":2},"end":{"line":24,"column":23}}},"fnMap":{"0":{"name":"getSupabaseAdmin","decl":{"start":{"line":5,"column":24},"end":{"line":5,"column":40}},"loc":{"start":{"line":5,"column":43},"end":{"line":25,"column":1}},"line":5}},"branchMap":{"0":{"loc":{"start":{"line":6,"column":2},"end":{"line":8,"column":3}},"type":"if","locations":[{"start":{"line":6,"column":2},"end":{"line":8,"column":3}},{"start":{},"end":{}}],"line":6},"1":{"loc":{"start":{"line":13,"column":2},"end":{"line":15,"column":3}},"type":"if","locations":[{"start":{"line":13,"column":2},"end":{"line":15,"column":3}},{"start":{},"end":{}}],"line":13},"2":{"loc":{"start":{"line":13,"column":6},"end":{"line":13,"column":37}},"type":"binary-expr","locations":[{"start":{"line":13,"column":6},"end":{"line":13,"column":18}},{"start":{"line":13,"column":22},"end":{"line":13,"column":37}}],"line":13}},"s":{"0":0,"1":0,"2":0,"3":0,"4":0,"5":0,"6":0,"7":0},"f":{"0":0},"b":{"0":[0,0],"1":[0,0],"2":[0,0]},"meta":{"lastBranch":3,"lastFunction":1,"lastStatement":8,"seen":{"f:5:24:5:40":0,"b:6:2:8:3:undefined:undefined:undefined:undefined":0,"s:6:2:8:3":0,"s:7:4:7:25":1,"s:10:22:10:46":2,"s:11:25:11:62":3,"b:13:2:15:3:undefined:undefined:undefined:undefined":1,"s:13:2:15:3":4,"b:13:6:13:18:13:22:13:37":2,"s:14:4:14:79":5,"s:17:2:22:5":6,"s:24:2:24:23":7},"fnNames":{}}}
}
